This is XeTeX, Version 3.141592653-2.6-0.999993 (TeX Live 2021/W32TeX) (preloaded format=xelatex 2021.10.12)  20 FEB 2023 12:31
entering extended mode
 restricted \write18 enabled.
 file:line:error style messages enabled.
 %&-line parsing enabled.
**c:/Users/梁玮同/Desktop/梁玮同/专业训练/结果/专业训练学习报告
(c:/Users/梁玮同/Desktop/梁玮同/专业训练/结果/专业训练学习报告.tex
LaTeX2e <2020-10-01> patch level 4
L3 programming layer <2021-02-18> (c:/texlive/2021/texmf-dist/tex/latex/base/article.cls
Document Class: article 2020/04/10 v1.4m Standard LaTeX document class
(c:/texlive/2021/texmf-dist/tex/latex/base/size10.clo
File: size10.clo 2020/04/10 v1.4m Standard LaTeX file (size option)
)
\c@part=\count175
\c@section=\count176
\c@subsection=\count177
\c@subsubsection=\count178
\c@paragraph=\count179
\c@subparagraph=\count180
\c@figure=\count181
\c@table=\count182
\abovecaptionskip=\skip47
\belowcaptionskip=\skip48
\bibindent=\dimen138
) (c:/texlive/2021/texmf-dist/tex/latex/booktabs/booktabs.sty
Package: booktabs 2020/01/12 v1.61803398 Publication quality tables
\heavyrulewidth=\dimen139
\lightrulewidth=\dimen140
\cmidrulewidth=\dimen141
\belowrulesep=\dimen142
\belowbottomsep=\dimen143
\aboverulesep=\dimen144
\abovetopsep=\dimen145
\cmidrulesep=\dimen146
\cmidrulekern=\dimen147
\defaultaddspace=\dimen148
\@cmidla=\count183
\@cmidlb=\count184
\@aboverulesep=\dimen149
\@belowrulesep=\dimen150
\@thisruleclass=\count185
\@lastruleclass=\count186
\@thisrulewidth=\dimen151
) (c:/texlive/2021/texmf-dist/tex/latex/amscls/amsthm.sty
Package: amsthm 2020/05/29 v2.20.6
\thm@style=\toks15
\thm@bodyfont=\toks16
\thm@headfont=\toks17
\thm@notefont=\toks18
\thm@headpunct=\toks19
\thm@preskip=\skip49
\thm@postskip=\skip50
\thm@headsep=\skip51
\dth@everypar=\toks20
) (c:/texlive/2021/texmf-dist/tex/latex/amsmath/amsmath.sty
Package: amsmath 2020/09/23 v2.17i AMS math features
\@mathmargin=\skip52

For additional information on amsmath, use the `?' option.
(c:/texlive/2021/texmf-dist/tex/latex/amsmath/amstext.sty
Package: amstext 2000/06/29 v2.01 AMS text
 (c:/texlive/2021/texmf-dist/tex/latex/amsmath/amsgen.sty
File: amsgen.sty 1999/11/30 v2.0 generic functions
\@emptytoks=\toks21
\ex@=\dimen152
)) (c:/texlive/2021/texmf-dist/tex/latex/amsmath/amsbsy.sty
Package: amsbsy 1999/11/29 v1.2d Bold Symbols
\pmbraise@=\dimen153
) (c:/texlive/2021/texmf-dist/tex/latex/amsmath/amsopn.sty
Package: amsopn 2016/03/08 v2.02 operator names
)
\inf@bad=\count187
LaTeX Info: Redefining \frac on input line 234.
\uproot@=\count188
\leftroot@=\count189
LaTeX Info: Redefining \overline on input line 399.
\classnum@=\count190
\DOTSCASE@=\count191
LaTeX Info: Redefining \ldots on input line 496.
LaTeX Info: Redefining \dots on input line 499.
LaTeX Info: Redefining \cdots on input line 620.
\Mathstrutbox@=\box47
\strutbox@=\box48
\big@size=\dimen154
LaTeX Font Info:    Redeclaring font encoding OML on input line 743.
LaTeX Font Info:    Redeclaring font encoding OMS on input line 744.
\macc@depth=\count192
\c@MaxMatrixCols=\count193
\dotsspace@=\muskip16
\c@parentequation=\count194
\dspbrk@lvl=\count195
\tag@help=\toks22
\row@=\count196
\column@=\count197
\maxfields@=\count198
\andhelp@=\toks23
\eqnshift@=\dimen155
\alignsep@=\dimen156
\tagshift@=\dimen157
\tagwidth@=\dimen158
\totwidth@=\dimen159
\lineht@=\dimen160
\@envbody=\toks24
\multlinegap=\skip53
\multlinetaggap=\skip54
\mathdisplay@stack=\toks25
LaTeX Info: Redefining \[ on input line 2923.
LaTeX Info: Redefining \] on input line 2924.
) (c:/texlive/2021/texmf-dist/tex/latex/amsfonts/amssymb.sty
Package: amssymb 2013/01/14 v3.01 AMS font symbols
 (c:/texlive/2021/texmf-dist/tex/latex/amsfonts/amsfonts.sty
Package: amsfonts 2013/01/14 v3.01 Basic AMSFonts support
\symAMSa=\mathgroup4
\symAMSb=\mathgroup5
LaTeX Font Info:    Redeclaring math symbol \hbar on input line 98.
LaTeX Font Info:    Overwriting math alphabet `\mathfrak' in version `bold'
(Font)                  U/euf/m/n --> U/euf/b/n on input line 106.
)) (c:/texlive/2021/texmf-dist/tex/latex/geometry/geometry.sty
Package: geometry 2020/01/02 v5.9 Page Geometry
 (c:/texlive/2021/texmf-dist/tex/latex/graphics/keyval.sty
Package: keyval 2014/10/28 v1.15 key=value parser (DPC)
\KV@toks@=\toks26
) (c:/texlive/2021/texmf-dist/tex/generic/iftex/ifvtex.sty
Package: ifvtex 2019/10/25 v1.7 ifvtex legacy package. Use iftex instead.
 (c:/texlive/2021/texmf-dist/tex/generic/iftex/iftex.sty
Package: iftex 2020/03/06 v1.0d TeX engine tests
))
\Gm@cnth=\count199
\Gm@cntv=\count266
\c@Gm@tempcnt=\count267
\Gm@bindingoffset=\dimen161
\Gm@wd@mp=\dimen162
\Gm@odd@mp=\dimen163
\Gm@even@mp=\dimen164
\Gm@layoutwidth=\dimen165
\Gm@layoutheight=\dimen166
\Gm@layouthoffset=\dimen167
\Gm@layoutvoffset=\dimen168
\Gm@dimlist=\toks27
) (c:/texlive/2021/texmf-dist/tex/latex/pgf/frontendlayer/tikz.sty (c:/texlive/2021/texmf-dist/tex/latex/pgf/basiclayer/pgf.sty (c:/texlive/2021/texmf-dist/tex/latex/pgf/utilities/pgfrcs.sty (c:/texlive/2021/texmf-dist/tex/generic/pgf/utilities/pgfutil-common.tex
\pgfutil@everybye=\toks28
\pgfutil@tempdima=\dimen169
\pgfutil@tempdimb=\dimen170
 (c:/texlive/2021/texmf-dist/tex/generic/pgf/utilities/pgfutil-common-lists.tex)) (c:/texlive/2021/texmf-dist/tex/generic/pgf/utilities/pgfutil-latex.def
\pgfutil@abb=\box49
) (c:/texlive/2021/texmf-dist/tex/generic/pgf/utilities/pgfrcs.code.tex (c:/texlive/2021/texmf-dist/tex/generic/pgf/pgf.revision.tex)
Package: pgfrcs 2020/12/27 v3.1.8b (3.1.8b)
))
Package: pgf 2020/12/27 v3.1.8b (3.1.8b)
 (c:/texlive/2021/texmf-dist/tex/latex/pgf/basiclayer/pgfcore.sty (c:/texlive/2021/texmf-dist/tex/latex/graphics/graphicx.sty
Package: graphicx 2020/09/09 v1.2b Enhanced LaTeX Graphics (DPC,SPQR)
 (c:/texlive/2021/texmf-dist/tex/latex/graphics/graphics.sty
Package: graphics 2020/08/30 v1.4c Standard LaTeX Graphics (DPC,SPQR)
 (c:/texlive/2021/texmf-dist/tex/latex/graphics/trig.sty
Package: trig 2016/01/03 v1.10 sin cos tan (DPC)
) (c:/texlive/2021/texmf-dist/tex/latex/graphics-cfg/graphics.cfg
File: graphics.cfg 2016/06/04 v1.11 sample graphics configuration
)
Package graphics Info: Driver file: xetex.def on input line 105.
 (c:/texlive/2021/texmf-dist/tex/latex/graphics-def/xetex.def
File: xetex.def 2021/03/18 v5.0k Graphics/color driver for xetex
))
\Gin@req@height=\dimen171
\Gin@req@width=\dimen172
) (c:/texlive/2021/texmf-dist/tex/latex/pgf/systemlayer/pgfsys.sty (c:/texlive/2021/texmf-dist/tex/generic/pgf/systemlayer/pgfsys.code.tex
Package: pgfsys 2020/12/27 v3.1.8b (3.1.8b)
 (c:/texlive/2021/texmf-dist/tex/generic/pgf/utilities/pgfkeys.code.tex
\pgfkeys@pathtoks=\toks29
\pgfkeys@temptoks=\toks30
 (c:/texlive/2021/texmf-dist/tex/generic/pgf/utilities/pgfkeysfiltered.code.tex
\pgfkeys@tmptoks=\toks31
))
\pgf@x=\dimen173
\pgf@y=\dimen174
\pgf@xa=\dimen175
\pgf@ya=\dimen176
\pgf@xb=\dimen177
\pgf@yb=\dimen178
\pgf@xc=\dimen179
\pgf@yc=\dimen180
\pgf@xd=\dimen181
\pgf@yd=\dimen182
\w@pgf@writea=\write3
\r@pgf@reada=\read2
\c@pgf@counta=\count268
\c@pgf@countb=\count269
\c@pgf@countc=\count270
\c@pgf@countd=\count271
\t@pgf@toka=\toks32
\t@pgf@tokb=\toks33
\t@pgf@tokc=\toks34
\pgf@sys@id@count=\count272
 (c:/texlive/2021/texmf-dist/tex/generic/pgf/systemlayer/pgf.cfg
File: pgf.cfg 2020/12/27 v3.1.8b (3.1.8b)
)
Driver file for pgf: pgfsys-xetex.def
 (c:/texlive/2021/texmf-dist/tex/generic/pgf/systemlayer/pgfsys-xetex.def
File: pgfsys-xetex.def 2020/12/27 v3.1.8b (3.1.8b)
 (c:/texlive/2021/texmf-dist/tex/generic/pgf/systemlayer/pgfsys-dvipdfmx.def
File: pgfsys-dvipdfmx.def 2020/12/27 v3.1.8b (3.1.8b)
 (c:/texlive/2021/texmf-dist/tex/generic/pgf/systemlayer/pgfsys-common-pdf.def
File: pgfsys-common-pdf.def 2020/12/27 v3.1.8b (3.1.8b)
)
\pgfsys@objnum=\count273
))) (c:/texlive/2021/texmf-dist/tex/generic/pgf/systemlayer/pgfsyssoftpath.code.tex
File: pgfsyssoftpath.code.tex 2020/12/27 v3.1.8b (3.1.8b)
\pgfsyssoftpath@smallbuffer@items=\count274
\pgfsyssoftpath@bigbuffer@items=\count275
) (c:/texlive/2021/texmf-dist/tex/generic/pgf/systemlayer/pgfsysprotocol.code.tex
File: pgfsysprotocol.code.tex 2020/12/27 v3.1.8b (3.1.8b)
)) (c:/texlive/2021/texmf-dist/tex/latex/xcolor/xcolor.sty
Package: xcolor 2016/05/11 v2.12 LaTeX color extensions (UK)
 (c:/texlive/2021/texmf-dist/tex/latex/graphics-cfg/color.cfg
File: color.cfg 2016/01/02 v1.6 sample color configuration
)
Package xcolor Info: Driver file: xetex.def on input line 225.
Package xcolor Info: Model `cmy' substituted by `cmy0' on input line 1348.
Package xcolor Info: Model `RGB' extended on input line 1364.
Package xcolor Info: Model `HTML' substituted by `rgb' on input line 1366.
Package xcolor Info: Model `Hsb' substituted by `hsb' on input line 1367.
Package xcolor Info: Model `tHsb' substituted by `hsb' on input line 1368.
Package xcolor Info: Model `HSB' substituted by `hsb' on input line 1369.
Package xcolor Info: Model `Gray' substituted by `gray' on input line 1370.
Package xcolor Info: Model `wave' substituted by `hsb' on input line 1371.
) (c:/texlive/2021/texmf-dist/tex/generic/pgf/basiclayer/pgfcore.code.tex
Package: pgfcore 2020/12/27 v3.1.8b (3.1.8b)
 (c:/texlive/2021/texmf-dist/tex/generic/pgf/math/pgfmath.code.tex (c:/texlive/2021/texmf-dist/tex/generic/pgf/math/pgfmathcalc.code.tex (c:/texlive/2021/texmf-dist/tex/generic/pgf/math/pgfmathutil.code.tex) (c:/texlive/2021/texmf-dist/tex/generic/pgf/math/pgfmathparser.code.tex
\pgfmath@dimen=\dimen183
\pgfmath@count=\count276
\pgfmath@box=\box50
\pgfmath@toks=\toks35
\pgfmath@stack@operand=\toks36
\pgfmath@stack@operation=\toks37
) (c:/texlive/2021/texmf-dist/tex/generic/pgf/math/pgfmathfunctions.code.tex (c:/texlive/2021/texmf-dist/tex/generic/pgf/math/pgfmathfunctions.basic.code.tex) (c:/texlive/2021/texmf-dist/tex/generic/pgf/math/pgfmathfunctions.trigonometric.code.tex) (c:/texlive/2021/texmf-dist/tex/generic/pgf/math/pgfmathfunctions.random.code.tex) (c:/texlive/2021/texmf-dist/tex/generic/pgf/math/pgfmathfunctions.comparison.code.tex) (c:/texlive/2021/texmf-dist/tex/generic/pgf/math/pgfmathfunctions.base.code.tex) (c:/texlive/2021/texmf-dist/tex/generic/pgf/math/pgfmathfunctions.round.code.tex) (c:/texlive/2021/texmf-dist/tex/generic/pgf/math/pgfmathfunctions.misc.code.tex) (c:/texlive/2021/texmf-dist/tex/generic/pgf/math/pgfmathfunctions.integerarithmetics.code.tex))) (c:/texlive/2021/texmf-dist/tex/generic/pgf/math/pgfmathfloat.code.tex
\c@pgfmathroundto@lastzeros=\count277
)) (c:/texlive/2021/texmf-dist/tex/generic/pgf/math/pgfint.code.tex) (c:/texlive/2021/texmf-dist/tex/generic/pgf/basiclayer/pgfcorepoints.code.tex
File: pgfcorepoints.code.tex 2020/12/27 v3.1.8b (3.1.8b)
\pgf@picminx=\dimen184
\pgf@picmaxx=\dimen185
\pgf@picminy=\dimen186
\pgf@picmaxy=\dimen187
\pgf@pathminx=\dimen188
\pgf@pathmaxx=\dimen189
\pgf@pathminy=\dimen190
\pgf@pathmaxy=\dimen191
\pgf@xx=\dimen192
\pgf@xy=\dimen193
\pgf@yx=\dimen194
\pgf@yy=\dimen195
\pgf@zx=\dimen196
\pgf@zy=\dimen197
) (c:/texlive/2021/texmf-dist/tex/generic/pgf/basiclayer/pgfcorepathconstruct.code.tex
File: pgfcorepathconstruct.code.tex 2020/12/27 v3.1.8b (3.1.8b)
\pgf@path@lastx=\dimen198
\pgf@path@lasty=\dimen199
) (c:/texlive/2021/texmf-dist/tex/generic/pgf/basiclayer/pgfcorepathusage.code.tex
File: pgfcorepathusage.code.tex 2020/12/27 v3.1.8b (3.1.8b)
\pgf@shorten@end@additional=\dimen256
\pgf@shorten@start@additional=\dimen257
) (c:/texlive/2021/texmf-dist/tex/generic/pgf/basiclayer/pgfcorescopes.code.tex
File: pgfcorescopes.code.tex 2020/12/27 v3.1.8b (3.1.8b)
\pgfpic=\box51
\pgf@hbox=\box52
\pgf@layerbox@main=\box53
\pgf@picture@serial@count=\count278
) (c:/texlive/2021/texmf-dist/tex/generic/pgf/basiclayer/pgfcoregraphicstate.code.tex
File: pgfcoregraphicstate.code.tex 2020/12/27 v3.1.8b (3.1.8b)
\pgflinewidth=\dimen258
) (c:/texlive/2021/texmf-dist/tex/generic/pgf/basiclayer/pgfcoretransformations.code.tex
File: pgfcoretransformations.code.tex 2020/12/27 v3.1.8b (3.1.8b)
\pgf@pt@x=\dimen259
\pgf@pt@y=\dimen260
\pgf@pt@temp=\dimen261
) (c:/texlive/2021/texmf-dist/tex/generic/pgf/basiclayer/pgfcorequick.code.tex
File: pgfcorequick.code.tex 2020/12/27 v3.1.8b (3.1.8b)
) (c:/texlive/2021/texmf-dist/tex/generic/pgf/basiclayer/pgfcoreobjects.code.tex
File: pgfcoreobjects.code.tex 2020/12/27 v3.1.8b (3.1.8b)
) (c:/texlive/2021/texmf-dist/tex/generic/pgf/basiclayer/pgfcorepathprocessing.code.tex
File: pgfcorepathprocessing.code.tex 2020/12/27 v3.1.8b (3.1.8b)
) (c:/texlive/2021/texmf-dist/tex/generic/pgf/basiclayer/pgfcorearrows.code.tex
File: pgfcorearrows.code.tex 2020/12/27 v3.1.8b (3.1.8b)
\pgfarrowsep=\dimen262
) (c:/texlive/2021/texmf-dist/tex/generic/pgf/basiclayer/pgfcoreshade.code.tex
File: pgfcoreshade.code.tex 2020/12/27 v3.1.8b (3.1.8b)
\pgf@max=\dimen263
\pgf@sys@shading@range@num=\count279
\pgf@shadingcount=\count280
) (c:/texlive/2021/texmf-dist/tex/generic/pgf/basiclayer/pgfcoreimage.code.tex
File: pgfcoreimage.code.tex 2020/12/27 v3.1.8b (3.1.8b)
 (c:/texlive/2021/texmf-dist/tex/generic/pgf/basiclayer/pgfcoreexternal.code.tex
File: pgfcoreexternal.code.tex 2020/12/27 v3.1.8b (3.1.8b)
\pgfexternal@startupbox=\box54
)) (c:/texlive/2021/texmf-dist/tex/generic/pgf/basiclayer/pgfcorelayers.code.tex
File: pgfcorelayers.code.tex 2020/12/27 v3.1.8b (3.1.8b)
) (c:/texlive/2021/texmf-dist/tex/generic/pgf/basiclayer/pgfcoretransparency.code.tex
File: pgfcoretransparency.code.tex 2020/12/27 v3.1.8b (3.1.8b)
) (c:/texlive/2021/texmf-dist/tex/generic/pgf/basiclayer/pgfcorepatterns.code.tex
File: pgfcorepatterns.code.tex 2020/12/27 v3.1.8b (3.1.8b)
) (c:/texlive/2021/texmf-dist/tex/generic/pgf/basiclayer/pgfcorerdf.code.tex
File: pgfcorerdf.code.tex 2020/12/27 v3.1.8b (3.1.8b)
))) (c:/texlive/2021/texmf-dist/tex/generic/pgf/modules/pgfmoduleshapes.code.tex
File: pgfmoduleshapes.code.tex 2020/12/27 v3.1.8b (3.1.8b)
\pgfnodeparttextbox=\box55
) (c:/texlive/2021/texmf-dist/tex/generic/pgf/modules/pgfmoduleplot.code.tex
File: pgfmoduleplot.code.tex 2020/12/27 v3.1.8b (3.1.8b)
) (c:/texlive/2021/texmf-dist/tex/latex/pgf/compatibility/pgfcomp-version-0-65.sty
Package: pgfcomp-version-0-65 2020/12/27 v3.1.8b (3.1.8b)
\pgf@nodesepstart=\dimen264
\pgf@nodesepend=\dimen265
) (c:/texlive/2021/texmf-dist/tex/latex/pgf/compatibility/pgfcomp-version-1-18.sty
Package: pgfcomp-version-1-18 2020/12/27 v3.1.8b (3.1.8b)
)) (c:/texlive/2021/texmf-dist/tex/latex/pgf/utilities/pgffor.sty (c:/texlive/2021/texmf-dist/tex/latex/pgf/utilities/pgfkeys.sty (c:/texlive/2021/texmf-dist/tex/generic/pgf/utilities/pgfkeys.code.tex)) (c:/texlive/2021/texmf-dist/tex/latex/pgf/math/pgfmath.sty (c:/texlive/2021/texmf-dist/tex/generic/pgf/math/pgfmath.code.tex)) (c:/texlive/2021/texmf-dist/tex/generic/pgf/utilities/pgffor.code.tex
Package: pgffor 2020/12/27 v3.1.8b (3.1.8b)
 (c:/texlive/2021/texmf-dist/tex/generic/pgf/math/pgfmath.code.tex)
\pgffor@iter=\dimen266
\pgffor@skip=\dimen267
\pgffor@stack=\toks38
\pgffor@toks=\toks39
)) (c:/texlive/2021/texmf-dist/tex/generic/pgf/frontendlayer/tikz/tikz.code.tex
Package: tikz 2020/12/27 v3.1.8b (3.1.8b)
 (c:/texlive/2021/texmf-dist/tex/generic/pgf/libraries/pgflibraryplothandlers.code.tex
File: pgflibraryplothandlers.code.tex 2020/12/27 v3.1.8b (3.1.8b)
\pgf@plot@mark@count=\count281
\pgfplotmarksize=\dimen268
)
\tikz@lastx=\dimen269
\tikz@lasty=\dimen270
\tikz@lastxsaved=\dimen271
\tikz@lastysaved=\dimen272
\tikz@lastmovetox=\dimen273
\tikz@lastmovetoy=\dimen274
\tikzleveldistance=\dimen275
\tikzsiblingdistance=\dimen276
\tikz@figbox=\box56
\tikz@figbox@bg=\box57
\tikz@tempbox=\box58
\tikz@tempbox@bg=\box59
\tikztreelevel=\count282
\tikznumberofchildren=\count283
\tikznumberofcurrentchild=\count284
\tikz@fig@count=\count285
 (c:/texlive/2021/texmf-dist/tex/generic/pgf/modules/pgfmodulematrix.code.tex
File: pgfmodulematrix.code.tex 2020/12/27 v3.1.8b (3.1.8b)
\pgfmatrixcurrentrow=\count286
\pgfmatrixcurrentcolumn=\count287
\pgf@matrix@numberofcolumns=\count288
)
\tikz@expandcount=\count289
 (c:/texlive/2021/texmf-dist/tex/generic/pgf/frontendlayer/tikz/libraries/tikzlibrarytopaths.code.tex
File: tikzlibrarytopaths.code.tex 2020/12/27 v3.1.8b (3.1.8b)
))) (c:/texlive/2021/texmf-dist/tex/latex/pgfplots/pgfplots.sty (c:/texlive/2021/texmf-dist/tex/generic/pgfplots/pgfplots.revision.tex)
Package: pgfplots 2020/02/29 v1.17 Data Visualization (1.17)
 (c:/texlive/2021/texmf-dist/tex/generic/pgfplots/pgfplots.code.tex (c:/texlive/2021/texmf-dist/tex/generic/pgfplots/pgfplotscore.code.tex
\t@pgfplots@toka=\toks40
\t@pgfplots@tokb=\toks41
\t@pgfplots@tokc=\toks42
\pgfplots@tmpa=\dimen277
\c@pgfplots@coordindex=\count290
\c@pgfplots@scanlineindex=\count291
 (c:/texlive/2021/texmf-dist/tex/generic/pgfplots/sys/pgfplotssysgeneric.code.tex)) (c:/texlive/2021/texmf-dist/tex/generic/pgfplots/libs/pgfplotslibrary.code.tex) (c:/texlive/2021/texmf-dist/tex/generic/pgfplots/oldpgfcompatib/pgfplotsoldpgfsupp_loader.code.tex (c:/texlive/2021/texmf-dist/tex/generic/pgf/libraries/pgflibraryfpu.code.tex)) (c:/texlive/2021/texmf-dist/tex/generic/pgfplots/util/pgfplotsutil.code.tex (c:/texlive/2021/texmf-dist/tex/generic/pgfplots/liststructure/pgfplotsliststructure.code.tex) (c:/texlive/2021/texmf-dist/tex/generic/pgfplots/liststructure/pgfplotsliststructureext.code.tex) (c:/texlive/2021/texmf-dist/tex/generic/pgfplots/liststructure/pgfplotsarray.code.tex
\c@pgfplotsarray@tmp=\count292
) (c:/texlive/2021/texmf-dist/tex/generic/pgfplots/liststructure/pgfplotsmatrix.code.tex) (c:/texlive/2021/texmf-dist/tex/generic/pgfplots/numtable/pgfplotstableshared.code.tex
\c@pgfplotstable@counta=\count293
\t@pgfplotstable@a=\toks43
) (c:/texlive/2021/texmf-dist/tex/generic/pgfplots/liststructure/pgfplotsdeque.code.tex) (c:/texlive/2021/texmf-dist/tex/generic/pgfplots/util/pgfplotsbinary.code.tex (c:/texlive/2021/texmf-dist/tex/generic/pgfplots/util/pgfplotsbinary.data.code.tex)) (c:/texlive/2021/texmf-dist/tex/generic/pgfplots/util/pgfplotsutil.verb.code.tex) (c:/texlive/2021/texmf-dist/tex/generic/pgfplots/libs/pgflibrarypgfplots.surfshading.code.tex
\c@pgfplotslibrarysurf@no=\count294
 (c:/texlive/2021/texmf-dist/tex/generic/pgfplots/sys/pgflibrarypgfplots.surfshading.pgfsys-xetex.def (c:/texlive/2021/texmf-dist/tex/generic/pgfplots/sys/pgflibrarypgfplots.surfshading.pgfsys-dvipdfmx.def
\c@pgfplotslibrarysurf@streamlen=\count295
)))) (c:/texlive/2021/texmf-dist/tex/generic/pgfplots/util/pgfplotscolormap.code.tex (c:/texlive/2021/texmf-dist/tex/generic/pgfplots/util/pgfplotscolor.code.tex)) (c:/texlive/2021/texmf-dist/tex/generic/pgfplots/pgfplotsstackedplots.code.tex) (c:/texlive/2021/texmf-dist/tex/generic/pgfplots/pgfplotsplothandlers.code.tex (c:/texlive/2021/texmf-dist/tex/generic/pgfplots/pgfplotsmeshplothandler.code.tex (c:/texlive/2021/texmf-dist/tex/generic/pgfplots/pgfplotsmeshplotimage.code.tex))) (c:/texlive/2021/texmf-dist/tex/generic/pgfplots/pgfplots.scaling.code.tex) (c:/texlive/2021/texmf-dist/tex/generic/pgfplots/pgfplotscoordprocessing.code.tex) (c:/texlive/2021/texmf-dist/tex/generic/pgfplots/pgfplots.errorbars.code.tex) (c:/texlive/2021/texmf-dist/tex/generic/pgfplots/pgfplots.markers.code.tex) (c:/texlive/2021/texmf-dist/tex/generic/pgfplots/pgfplotsticks.code.tex) (c:/texlive/2021/texmf-dist/tex/generic/pgfplots/pgfplots.paths.code.tex) (c:/texlive/2021/texmf-dist/tex/generic/pgf/frontendlayer/tikz/libraries/tikzlibrarydecorations.code.tex (c:/texlive/2021/texmf-dist/tex/generic/pgf/modules/pgfmoduledecorations.code.tex
\pgfdecoratedcompleteddistance=\dimen278
\pgfdecoratedremainingdistance=\dimen279
\pgfdecoratedinputsegmentcompleteddistance=\dimen280
\pgfdecoratedinputsegmentremainingdistance=\dimen281
\pgf@decorate@distancetomove=\dimen282
\pgf@decorate@repeatstate=\count296
\pgfdecorationsegmentamplitude=\dimen283
\pgfdecorationsegmentlength=\dimen284
)
\tikz@lib@dec@box=\box60
) (c:/texlive/2021/texmf-dist/tex/generic/pgf/frontendlayer/tikz/libraries/tikzlibrarydecorations.pathmorphing.code.tex (c:/texlive/2021/texmf-dist/tex/generic/pgf/libraries/decorations/pgflibrarydecorations.pathmorphing.code.tex)) (c:/texlive/2021/texmf-dist/tex/generic/pgf/frontendlayer/tikz/libraries/tikzlibrarydecorations.pathreplacing.code.tex (c:/texlive/2021/texmf-dist/tex/generic/pgf/libraries/decorations/pgflibrarydecorations.pathreplacing.code.tex))
\pgfplots@numplots=\count297
\pgfplots@xmin@reg=\dimen285
\pgfplots@xmax@reg=\dimen286
\pgfplots@ymin@reg=\dimen287
\pgfplots@ymax@reg=\dimen288
\pgfplots@zmin@reg=\dimen289
\pgfplots@zmax@reg=\dimen290
) (c:/texlive/2021/texmf-dist/tex/generic/pgf/frontendlayer/tikz/libraries/tikzlibraryplotmarks.code.tex
File: tikzlibraryplotmarks.code.tex 2020/12/27 v3.1.8b (3.1.8b)
 (c:/texlive/2021/texmf-dist/tex/generic/pgf/libraries/pgflibraryplotmarks.code.tex
File: pgflibraryplotmarks.code.tex 2020/12/27 v3.1.8b (3.1.8b)
))) (c:/texlive/2021/texmf-dist/tex/latex/fancyhdr/fancyhdr.sty
Package: fancyhdr 2021/01/28 v4.0.1 Extensive control of page headers and footers
\f@nch@headwidth=\skip55
\f@nch@O@elh=\skip56
\f@nch@O@erh=\skip57
\f@nch@O@olh=\skip58
\f@nch@O@orh=\skip59
\f@nch@O@elf=\skip60
\f@nch@O@erf=\skip61
\f@nch@O@olf=\skip62
\f@nch@O@orf=\skip63
) (c:/texlive/2021/texmf-dist/tex/latex/listings/listings.sty
\lst@mode=\count298
\lst@gtempboxa=\box61
\lst@token=\toks44
\lst@length=\count299
\lst@currlwidth=\dimen291
\lst@column=\count300
\lst@pos=\count301
\lst@lostspace=\dimen292
\lst@width=\dimen293
\lst@newlines=\count302
\lst@lineno=\count303
\lst@maxwidth=\dimen294
 (c:/texlive/2021/texmf-dist/tex/latex/listings/lstmisc.sty
File: lstmisc.sty 2020/03/24 1.8d (Carsten Heinz)
\c@lstnumber=\count304
\lst@skipnumbers=\count305
\lst@framebox=\box62
) (c:/texlive/2021/texmf-dist/tex/latex/listings/listings.cfg
File: listings.cfg 2020/03/24 1.8d listings configuration
))
Package: listings 2020/03/24 1.8d (Carsten Heinz)
 (c:/texlive/2021/texmf-dist/tex/latex/float/float.sty
Package: float 2001/11/08 v1.3d Float enhancements (AL)
\c@float@type=\count306
\float@exts=\toks45
\float@box=\box63
\@float@everytoks=\toks46
\@floatcapt=\box64
) (c:/texlive/2021/texmf-dist/tex/latex/subfigure/subfigure.sty
Package: subfigure 2002/03/15 v2.1.5 subfigure package
\subfigtopskip=\skip64
\subfigcapskip=\skip65
\subfigcaptopadj=\dimen295
\subfigbottomskip=\skip66
\subfigcapmargin=\dimen296
\subfiglabelskip=\skip67
\c@subfigure=\count307
\c@lofdepth=\count308
\c@subtable=\count309
\c@lotdepth=\count310

****************************************
* Local config file subfigure.cfg used *
****************************************
(c:/texlive/2021/texmf-dist/tex/latex/subfigure/subfigure.cfg)
\subfig@top=\skip68
\subfig@bottom=\skip69
)
\c@theorem=\count311
\c@lemma=\count312
\c@Prop=\count313
 (c:/texlive/2021/texmf-dist/tex/latex/l3backend/l3backend-xetex.def
File: l3backend-xetex.def 2021-03-18 L3 backend support: XeTeX
 (|extractbb --version)
\c__kernel_sys_dvipdfmx_version_int=\count314
\l__color_backend_stack_int=\count315
\g__color_backend_stack_int=\count316
\g__graphics_track_int=\count317
\l__pdf_internal_box=\box65
\g__pdf_backend_object_int=\count318
\g__pdf_backend_annotation_int=\count319
\g__pdf_backend_link_int=\count320
)
No file 专业训练学习报告.aux.
\openout1 = `专业训练学习报告.aux'.

LaTeX Font Info:    Checking defaults for OML/cmm/m/it on input line 23.
LaTeX Font Info:    ... okay on input line 23.
LaTeX Font Info:    Checking defaults for OMS/cmsy/m/n on input line 23.
LaTeX Font Info:    ... okay on input line 23.
LaTeX Font Info:    Checking defaults for OT1/cmr/m/n on input line 23.
LaTeX Font Info:    ... okay on input line 23.
LaTeX Font Info:    Checking defaults for T1/cmr/m/n on input line 23.
LaTeX Font Info:    ... okay on input line 23.
LaTeX Font Info:    Checking defaults for TS1/cmr/m/n on input line 23.
LaTeX Font Info:    Trying to load font information for TS1+cmr on input line 23.
(c:/texlive/2021/texmf-dist/tex/latex/base/ts1cmr.fd
File: ts1cmr.fd 2019/12/16 v2.5j Standard LaTeX font definitions
)
LaTeX Font Info:    ... okay on input line 23.
LaTeX Font Info:    Checking defaults for TU/lmr/m/n on input line 23.
LaTeX Font Info:    ... okay on input line 23.
LaTeX Font Info:    Checking defaults for OMX/cmex/m/n on input line 23.
LaTeX Font Info:    ... okay on input line 23.
LaTeX Font Info:    Checking defaults for U/cmr/m/n on input line 23.
LaTeX Font Info:    ... okay on input line 23.

*geometry* driver: auto-detecting
*geometry* detected driver: xetex
*geometry* verbose mode - [ preamble ] result:
* driver: xetex
* paper: <default>
* layout: <same size as paper>
* layoutoffset:(h,v)=(0.0pt,0.0pt)
* modes: 
* h-part:(L,W,R)=(92.14519pt, 430.00462pt, 92.14519pt)
* v-part:(T,H,B)=(95.39737pt, 556.47656pt, 143.09605pt)
* \paperwidth=614.295pt
* \paperheight=794.96999pt
* \textwidth=430.00462pt
* \textheight=556.47656pt
* \oddsidemargin=19.8752pt
* \evensidemargin=19.8752pt
* \topmargin=-13.87262pt
* \headheight=12.0pt
* \headsep=25.0pt
* \topskip=10.0pt
* \footskip=30.0pt
* \marginparwidth=65.0pt
* \marginparsep=11.0pt
* \columnsep=10.0pt
* \skip\footins=9.0pt plus 4.0pt minus 2.0pt
* \hoffset=0.0pt
* \voffset=0.0pt
* \mag=1000
* \@twocolumnfalse
* \@twosidefalse
* \@mparswitchfalse
* \@reversemarginfalse
* (1in=72.27pt=25.4mm, 1cm=28.453pt)


Package pgfplots Warning: running in backwards compatibility mode (unsuitable tick labels; missing features). Consider writing \pgfplotsset{compat=1.17} into your preamble.
 on input line 23.

\c@lstlisting=\count321
(c:/texlive/2021/texmf-dist/tex/latex/listings/lstlang1.sty
File: lstlang1.sty 2020/03/24 1.8d listings language file
)
LaTeX Font Info:    Trying to load font information for U+msa on input line 38.
 (c:/texlive/2021/texmf-dist/tex/latex/amsfonts/umsa.fd
File: umsa.fd 2013/01/14 v3.01 AMS symbols A
)
LaTeX Font Info:    Trying to load font information for U+msb on input line 38.
 (c:/texlive/2021/texmf-dist/tex/latex/amsfonts/umsb.fd
File: umsb.fd 2013/01/14 v3.01 AMS symbols B
)
Missing character: There is no 聚 (U+805A) in font [lmroman12-bold]:mapping=tex-text;!
Missing character: There is no 类 (U+7C7B) in font [lmroman12-bold]:mapping=tex-text;!
Missing character: There is no 分 (U+5206) in font [lmroman12-bold]:mapping=tex-text;!
Missing character: There is no 析 (U+6790) in font [lmroman12-bold]:mapping=tex-text;!
Missing character: There is no 由 (U+7531) in font [lmroman10-regular]:mapping=tex-text;!
Missing character: There is no 于 (U+4E8E) in font [lmroman10-regular]:mapping=tex-text;!
Missing character: There is no 每 (U+6BCF) in font [lmroman10-regular]:mapping=tex-text;!
Missing character: There is no 个 (U+4E2A) in font [lmroman10-regular]:mapping=tex-text;!
Missing character: There is no 人 (U+4EBA) in font [lmroman10-regular]:mapping=tex-text;!
Missing character: There is no 对 (U+5BF9) in font [lmroman10-regular]:mapping=tex-text;!
Missing character: There is no 于 (U+4E8E) in font [lmroman10-regular]:mapping=tex-text;!
Missing character: There is no 单 (U+5355) in font [lmroman10-regular]:mapping=tex-text;!
Missing character: There is no 词 (U+8BCD) in font [lmroman10-regular]:mapping=tex-text;!
Missing character: There is no 的 (U+7684) in font [lmroman10-regular]:mapping=tex-text;!
Missing character: There is no 熟 (U+719F) in font [lmroman10-regular]:mapping=tex-text;!
Missing character: There is no 悉 (U+6089) in font [lmroman10-regular]:mapping=tex-text;!
Missing character: There is no 程 (U+7A0B) in font [lmroman10-regular]:mapping=tex-text;!
Missing character: There is no 度 (U+5EA6) in font [lmroman10-regular]:mapping=tex-text;!
Missing character: There is no 存 (U+5B58) in font [lmroman10-regular]:mapping=tex-text;!
Missing character: There is no 在 (U+5728) in font [lmroman10-regular]:mapping=tex-text;!
Missing character: There is no 差 (U+5DEE) in font [lmroman10-regular]:mapping=tex-text;!
Missing character: There is no 异 (U+5F02) in font [lmroman10-regular]:mapping=tex-text;!
Missing character: There is no 并 (U+5E76) in font [lmroman10-regular]:mapping=tex-text;!
Missing character: There is no 且 (U+4E14) in font [lmroman10-regular]:mapping=tex-text;!
Missing character: There is no 许 (U+8BB8) in font [lmroman10-regular]:mapping=tex-text;!
Missing character: There is no 多 (U+591A) in font [lmroman10-regular]:mapping=tex-text;!
Missing character: There is no 单 (U+5355) in font [lmroman10-regular]:mapping=tex-text;!
Missing character: There is no 词 (U+8BCD) in font [lmroman10-regular]:mapping=tex-text;!
Missing character: There is no 的 (U+7684) in font [lmroman10-regular]:mapping=tex-text;!
Missing character: There is no 属 (U+5C5E) in font [lmroman10-regular]:mapping=tex-text;!
Missing character: There is no 性 (U+6027) in font [lmroman10-regular]:mapping=tex-text;!
Missing character: There is no 对 (U+5BF9) in font [lmroman10-regular]:mapping=tex-text;!
Missing character: There is no 于 (U+4E8E) in font [lmroman10-regular]:mapping=tex-text;!
Missing character: There is no 游 (U+6E38) in font [lmroman10-regular]:mapping=tex-text;!
Missing character: There is no 戏 (U+620F) in font [lmroman10-regular]:mapping=tex-text;!
Missing character: There is no 的 (U+7684) in font [lmroman10-regular]:mapping=tex-text;!
Missing character: There is no 难 (U+96BE) in font [lmroman10-regular]:mapping=tex-text;!
Missing character: There is no 度 (U+5EA6) in font [lmroman10-regular]:mapping=tex-text;!
Missing character: There is no 影 (U+5F71) in font [lmroman10-regular]:mapping=tex-text;!
Missing character: There is no 响 (U+54CD) in font [lmroman10-regular]:mapping=tex-text;!
Missing character: There is no 是 (U+662F) in font [lmroman10-regular]:mapping=tex-text;!
Missing character: There is no 双 (U+53CC) in font [lmroman10-regular]:mapping=tex-text;!
Missing character: There is no 向 (U+5411) in font [lmroman10-regular]:mapping=tex-text;!
Missing character: There is no 的 (U+7684) in font [lmroman10-regular]:mapping=tex-text;!
Missing character: There is no 因 (U+56E0) in font [lmroman10-regular]:mapping=tex-text;!
Missing character: There is no 此 (U+6B64) in font [lmroman10-regular]:mapping=tex-text;!
Missing character: There is no 在 (U+5728) in font [lmroman10-regular]:mapping=tex-text;!
Missing character: There is no 衡 (U+8861) in font [lmroman10-regular]:mapping=tex-text;!
Missing character: There is no 量 (U+91CF) in font [lmroman10-regular]:mapping=tex-text;!
Missing character: There is no 单 (U+5355) in font [lmroman10-regular]:mapping=tex-text;!
Missing character: There is no 词 (U+8BCD) in font [lmroman10-regular]:mapping=tex-text;!
Missing character: There is no 难 (U+96BE) in font [lmroman10-regular]:mapping=tex-text;!
Missing character: There is no 度 (U+5EA6) in font [lmroman10-regular]:mapping=tex-text;!
Missing character: There is no 时 (U+65F6) in font [lmroman10-regular]:mapping=tex-text;!
Missing character: There is no 直 (U+76F4) in font [lmroman10-regular]:mapping=tex-text;!
Missing character: There is no 接 (U+63A5) in font [lmroman10-regular]:mapping=tex-text;!
Missing character: There is no 利 (U+5229) in font [lmroman10-regular]:mapping=tex-text;!
Missing character: There is no 用 (U+7528) in font [lmroman10-regular]:mapping=tex-text;!
Missing character: There is no 上 (U+4E0A) in font [lmroman10-regular]:mapping=tex-text;!
Missing character: There is no 文 (U+6587) in font [lmroman10-regular]:mapping=tex-text;!
Missing character: There is no 中 (U+4E2D) in font [lmroman10-regular]:mapping=tex-text;!
Missing character: There is no 所 (U+6240) in font [lmroman10-regular]:mapping=tex-text;!
Missing character: There is no 提 (U+63D0) in font [lmroman10-regular]:mapping=tex-text;!
Missing character: There is no 到 (U+5230) in font [lmroman10-regular]:mapping=tex-text;!
Missing character: There is no 的 (U+7684) in font [lmroman10-regular]:mapping=tex-text;!
Missing character: There is no 单 (U+5355) in font [lmroman10-regular]:mapping=tex-text;!
Missing character: There is no 词 (U+8BCD) in font [lmroman10-regular]:mapping=tex-text;!
Missing character: There is no 诸 (U+8BF8) in font [lmroman10-regular]:mapping=tex-text;!
Missing character: There is no 多 (U+591A) in font [lmroman10-regular]:mapping=tex-text;!
Missing character: There is no 特 (U+7279) in font [lmroman10-regular]:mapping=tex-text;!
Missing character: There is no 性 (U+6027) in font [lmroman10-regular]:mapping=tex-text;!
Missing character: There is no 是 (U+662F) in font [lmroman10-regular]:mapping=tex-text;!
Missing character: There is no 无 (U+65E0) in font [lmroman10-regular]:mapping=tex-text;!
Missing character: There is no 法 (U+6CD5) in font [lmroman10-regular]:mapping=tex-text;!
Missing character: There is no 完 (U+5B8C) in font [lmroman10-regular]:mapping=tex-text;!
Missing character: There is no 成 (U+6210) in font [lmroman10-regular]:mapping=tex-text;!
Missing character: There is no 的 (U+7684) in font [lmroman10-regular]:mapping=tex-text;!
Missing character: There is no 根 (U+6839) in font [lmroman10-regular]:mapping=tex-text;!
Missing character: There is no 据 (U+636E) in font [lmroman10-regular]:mapping=tex-text;!
Missing character: There is no 我 (U+6211) in font [lmroman10-regular]:mapping=tex-text;!
Missing character: There is no 们 (U+4EEC) in font [lmroman10-regular]:mapping=tex-text;!
Missing character: There is no 的 (U+7684) in font [lmroman10-regular]:mapping=tex-text;!
Missing character: There is no 假 (U+5047) in font [lmroman10-regular]:mapping=tex-text;!
Missing character: There is no 设 (U+8BBE) in font [lmroman10-regular]:mapping=tex-text;!
Missing character: There is no 在 (U+5728) in font [lmroman10-regular]:mapping=tex-text;!
Missing character: There is no 不 (U+4E0D) in font [lmroman10-regular]:mapping=tex-text;!
Missing character: There is no 同 (U+540C) in font [lmroman10-regular]:mapping=tex-text;!
Missing character: There is no 日 (U+65E5) in font [lmroman10-regular]:mapping=tex-text;!
Missing character: There is no 期 (U+671F) in font [lmroman10-regular]:mapping=tex-text;!
Missing character: There is no 整 (U+6574) in font [lmroman10-regular]:mapping=tex-text;!
Missing character: There is no 个 (U+4E2A) in font [lmroman10-regular]:mapping=tex-text;!
Missing character: There is no 玩 (U+73A9) in font [lmroman10-regular]:mapping=tex-text;!
Missing character: There is no 家 (U+5BB6) in font [lmroman10-regular]:mapping=tex-text;!
Missing character: There is no 群 (U+7FA4) in font [lmroman10-regular]:mapping=tex-text;!
Missing character: There is no 里 (U+91CC) in font [lmroman10-regular]:mapping=tex-text;!
Missing character: There is no 的 (U+7684) in font [lmroman10-regular]:mapping=tex-text;!
Missing character: There is no 水 (U+6C34) in font [lmroman10-regular]:mapping=tex-text;!
Missing character: There is no 平 (U+5E73) in font [lmroman10-regular]:mapping=tex-text;!
Missing character: There is no 是 (U+662F) in font [lmroman10-regular]:mapping=tex-text;!
Missing character: There is no 相 (U+76F8) in font [lmroman10-regular]:mapping=tex-text;!
Missing character: There is no 同 (U+540C) in font [lmroman10-regular]:mapping=tex-text;!
Missing character: There is no 的 (U+7684) in font [lmroman10-regular]:mapping=tex-text;!
Missing character: There is no 那 (U+90A3) in font [lmroman10-regular]:mapping=tex-text;!
Missing character: There is no 么 (U+4E48) in font [lmroman10-regular]:mapping=tex-text;!
Missing character: There is no 某 (U+67D0) in font [lmroman10-regular]:mapping=tex-text;!
Missing character: There is no 天 (U+5929) in font [lmroman10-regular]:mapping=tex-text;!
Missing character: There is no 单 (U+5355) in font [lmroman10-regular]:mapping=tex-text;!
Missing character: There is no 词 (U+8BCD) in font [lmroman10-regular]:mapping=tex-text;!
Missing character: There is no 的 (U+7684) in font [lmroman10-regular]:mapping=tex-text;!
Missing character: There is no 难 (U+96BE) in font [lmroman10-regular]:mapping=tex-text;!
Missing character: There is no 度 (U+5EA6) in font [lmroman10-regular]:mapping=tex-text;!
Missing character: There is no 就 (U+5C31) in font [lmroman10-regular]:mapping=tex-text;!
Missing character: There is no 完 (U+5B8C) in font [lmroman10-regular]:mapping=tex-text;!
Missing character: There is no 全 (U+5168) in font [lmroman10-regular]:mapping=tex-text;!
Missing character: There is no 体 (U+4F53) in font [lmroman10-regular]:mapping=tex-text;!
Missing character: There is no 现 (U+73B0) in font [lmroman10-regular]:mapping=tex-text;!
Missing character: There is no 在 (U+5728) in font [lmroman10-regular]:mapping=tex-text;!
Missing character: There is no 当 (U+5F53) in font [lmroman10-regular]:mapping=tex-text;!
Missing character: There is no 天 (U+5929) in font [lmroman10-regular]:mapping=tex-text;!
Missing character: There is no 的 (U+7684) in font [lmroman10-regular]:mapping=tex-text;!
Missing character: There is no 游 (U+6E38) in font [lmroman10-regular]:mapping=tex-text;!
Missing character: There is no 戏 (U+620F) in font [lmroman10-regular]:mapping=tex-text;!
Missing character: There is no 结 (U+7ED3) in font [lmroman10-regular]:mapping=tex-text;!
Missing character: There is no 果 (U+679C) in font [lmroman10-regular]:mapping=tex-text;!
Missing character: There is no 中 (U+4E2D) in font [lmroman10-regular]:mapping=tex-text;!
Missing character: There is no 即 (U+5373) in font [lmroman10-regular]:mapping=tex-text;!
Missing character: There is no 用 (U+7528) in font [lmroman10-regular]:mapping=tex-text;!
Missing character: There is no 户 (U+6237) in font [lmroman10-regular]:mapping=tex-text;!
Missing character: There is no 用 (U+7528) in font [lmroman10-regular]:mapping=tex-text;!
Missing character: There is no 不 (U+4E0D) in font [lmroman10-regular]:mapping=tex-text;!
Missing character: There is no 同 (U+540C) in font [lmroman10-regular]:mapping=tex-text;!
Missing character: There is no 轮 (U+8F6E) in font [lmroman10-regular]:mapping=tex-text;!
Missing character: There is no 数 (U+6570) in font [lmroman10-regular]:mapping=tex-text;!
Missing character: There is no 完 (U+5B8C) in font [lmroman10-regular]:mapping=tex-text;!
Missing character: There is no 成 (U+6210) in font [lmroman10-regular]:mapping=tex-text;!
Missing character: There is no 游 (U+6E38) in font [lmroman10-regular]:mapping=tex-text;!
Missing character: There is no 戏 (U+620F) in font [lmroman10-regular]:mapping=tex-text;!
Missing character: There is no 的 (U+7684) in font [lmroman10-regular]:mapping=tex-text;!
Missing character: There is no 百 (U+767E) in font [lmroman10-regular]:mapping=tex-text;!
Missing character: There is no 分 (U+5206) in font [lmroman10-regular]:mapping=tex-text;!
Missing character: There is no 比 (U+6BD4) in font [lmroman10-regular]:mapping=tex-text;!
Missing character: There is no 对 (U+5BF9) in font [lmroman10-regular]:mapping=tex-text;!
Missing character: There is no 于 (U+4E8E) in font [lmroman10-regular]:mapping=tex-text;!
Missing character: There is no 所 (U+6240) in font [lmroman10-regular]:mapping=tex-text;!
Missing character: There is no 给 (U+7ED9) in font [lmroman10-regular]:mapping=tex-text;!
Missing character: There is no 数 (U+6570) in font [lmroman10-regular]:mapping=tex-text;!
Missing character: There is no 据 (U+636E) in font [lmroman10-regular]:mapping=tex-text;!
Missing character: There is no 中 (U+4E2D) in font [lmroman10-regular]:mapping=tex-text;!
Missing character: There is no 的 (U+7684) in font [lmroman10-regular]:mapping=tex-text;!
Missing character: There is no 单 (U+5355) in font [lmroman10-regular]:mapping=tex-text;!
Missing character: There is no 词 (U+8BCD) in font [lmroman10-regular]:mapping=tex-text;!
Missing character: There is no 我 (U+6211) in font [lmroman10-regular]:mapping=tex-text;!
Missing character: There is no 们 (U+4EEC) in font [lmroman10-regular]:mapping=tex-text;!
Missing character: There is no 用 (U+7528) in font [lmroman10-regular]:mapping=tex-text;!
Missing character: There is no 向 (U+5411) in font [lmroman10-regular]:mapping=tex-text;!
Missing character: There is no 量 (U+91CF) in font [lmroman10-regular]:mapping=tex-text;!
Missing character: There is no 来 (U+6765) in font [lmroman10-regular]:mapping=tex-text;!
Missing character: There is no 表 (U+8868) in font [lmroman10-regular]:mapping=tex-text;!
Missing character: There is no 示 (U+793A) in font [lmroman10-regular]:mapping=tex-text;!
Missing character: There is no 数 (U+6570) in font [lmroman10-regular]:mapping=tex-text;!
Missing character: There is no 据 (U+636E) in font [lmroman10-regular]:mapping=tex-text;!
Missing character: There is no 集 (U+96C6) in font [lmroman10-regular]:mapping=tex-text;!
Missing character: There is no 中 (U+4E2D) in font [lmroman10-regular]:mapping=tex-text;!
Missing character: There is no 的 (U+7684) in font [lmroman10-regular]:mapping=tex-text;!
Missing character: There is no 一 (U+4E00) in font [lmroman10-regular]:mapping=tex-text;!
Missing character: There is no 个 (U+4E2A) in font [lmroman10-regular]:mapping=tex-text;!
Missing character: There is no 单 (U+5355) in font [lmroman10-regular]:mapping=tex-text;!
Missing character: There is no 词 (U+8BCD) in font [lmroman10-regular]:mapping=tex-text;!
Missing character: There is no 其 (U+5176) in font [lmroman10-regular]:mapping=tex-text;!
Missing character: There is no 中 (U+4E2D) in font [lmroman10-regular]:mapping=tex-text;!
Missing character: There is no 表 (U+8868) in font [lmroman10-regular]:mapping=tex-text;!
Missing character: There is no 示 (U+793A) in font [lmroman10-regular]:mapping=tex-text;!
Missing character: There is no 用 (U+7528) in font [lmroman10-regular]:mapping=tex-text;!
Missing character: There is no 轮 (U+8F6E) in font [lmroman10-regular]:mapping=tex-text;!
Missing character: There is no 完 (U+5B8C) in font [lmroman10-regular]:mapping=tex-text;!
Missing character: There is no 成 (U+6210) in font [lmroman10-regular]:mapping=tex-text;!
Missing character: There is no 游 (U+6E38) in font [lmroman10-regular]:mapping=tex-text;!
Missing character: There is no 戏 (U+620F) in font [lmroman10-regular]:mapping=tex-text;!
Missing character: There is no 的 (U+7684) in font [lmroman10-regular]:mapping=tex-text;!
Missing character: There is no 玩 (U+73A9) in font [lmroman10-regular]:mapping=tex-text;!
Missing character: There is no 家 (U+5BB6) in font [lmroman10-regular]:mapping=tex-text;!
Missing character: There is no 的 (U+7684) in font [lmroman10-regular]:mapping=tex-text;!
Missing character: There is no 百 (U+767E) in font [lmroman10-regular]:mapping=tex-text;!
Missing character: There is no 分 (U+5206) in font [lmroman10-regular]:mapping=tex-text;!
Missing character: There is no 比 (U+6BD4) in font [lmroman10-regular]:mapping=tex-text;!
Missing character: There is no 时 (U+65F6) in font [lmroman10-regular]:mapping=tex-text;!
Missing character: There is no 为 (U+4E3A) in font [lmroman10-regular]:mapping=tex-text;!
Missing character: There is no 超 (U+8D85) in font [lmroman10-regular]:mapping=tex-text;!
Missing character: There is no 过 (U+8FC7) in font [lmroman10-regular]:mapping=tex-text;!
Missing character: There is no 七 (U+4E03) in font [lmroman10-regular]:mapping=tex-text;!
Missing character: There is no 轮 (U+8F6E) in font [lmroman10-regular]:mapping=tex-text;!
Missing character: There is no 完 (U+5B8C) in font [lmroman10-regular]:mapping=tex-text;!
Missing character: There is no 成 (U+6210) in font [lmroman10-regular]:mapping=tex-text;!
Missing character: There is no 游 (U+6E38) in font [lmroman10-regular]:mapping=tex-text;!
Missing character: There is no 戏 (U+620F) in font [lmroman10-regular]:mapping=tex-text;!
Missing character: There is no 的 (U+7684) in font [lmroman10-regular]:mapping=tex-text;!
Missing character: There is no 玩 (U+73A9) in font [lmroman10-regular]:mapping=tex-text;!
Missing character: There is no 家 (U+5BB6) in font [lmroman10-regular]:mapping=tex-text;!
Missing character: There is no 百 (U+767E) in font [lmroman10-regular]:mapping=tex-text;!
Missing character: There is no 分 (U+5206) in font [lmroman10-regular]:mapping=tex-text;!
Missing character: There is no 比 (U+6BD4) in font [lmroman10-regular]:mapping=tex-text;!
Missing character: There is no 若 (U+82E5) in font [lmroman10-regular]:mapping=tex-text;!
Missing character: There is no 和 (U+548C) in font [lmroman10-regular]:mapping=tex-text;!
Missing character: There is no 表 (U+8868) in font [lmroman10-regular]:mapping=tex-text;!
Missing character: There is no 示 (U+793A) in font [lmroman10-regular]:mapping=tex-text;!
Missing character: There is no 两 (U+4E24) in font [lmroman10-regular]:mapping=tex-text;!
Missing character: There is no 个 (U+4E2A) in font [lmroman10-regular]:mapping=tex-text;!
Missing character: There is no 难 (U+96BE) in font [lmroman10-regular]:mapping=tex-text;!
Missing character: There is no 度 (U+5EA6) in font [lmroman10-regular]:mapping=tex-text;!
Missing character: There is no 相 (U+76F8) in font [lmroman10-regular]:mapping=tex-text;!
Missing character: There is no 近 (U+8FD1) in font [lmroman10-regular]:mapping=tex-text;!
Missing character: There is no 的 (U+7684) in font [lmroman10-regular]:mapping=tex-text;!
Missing character: There is no 词 (U+8BCD) in font [lmroman10-regular]:mapping=tex-text;!
Missing character: There is no 则 (U+5219) in font [lmroman10-regular]:mapping=tex-text;!
Missing character: There is no 和 (U+548C) in font [lmroman10-regular]:mapping=tex-text;!
Missing character: There is no 在 (U+5728) in font [lmroman10-regular]:mapping=tex-text;!
Missing character: There is no 某 (U+67D0) in font [lmroman10-regular]:mapping=tex-text;!
Missing character: There is no 种 (U+79CD) in font [lmroman10-regular]:mapping=tex-text;!
Missing character: There is no 距 (U+8DDD) in font [lmroman10-regular]:mapping=tex-text;!
Missing character: There is no 离 (U+79BB) in font [lmroman10-regular]:mapping=tex-text;!
Missing character: There is no 意 (U+610F) in font [lmroman10-regular]:mapping=tex-text;!
Missing character: There is no 义 (U+4E49) in font [lmroman10-regular]:mapping=tex-text;!
Missing character: There is no 下 (U+4E0B) in font [lmroman10-regular]:mapping=tex-text;!
Missing character: There is no 是 (U+662F) in font [lmroman10-regular]:mapping=tex-text;!
Missing character: There is no 靠 (U+9760) in font [lmroman10-regular]:mapping=tex-text;!
Missing character: There is no 近 (U+8FD1) in font [lmroman10-regular]:mapping=tex-text;!
Missing character: There is no 的 (U+7684) in font [lmroman10-regular]:mapping=tex-text;!
Missing character: There is no 我 (U+6211) in font [lmroman10-regular]:mapping=tex-text;!
Missing character: There is no 们 (U+4EEC) in font [lmroman10-regular]:mapping=tex-text;!
Missing character: There is no 利 (U+5229) in font [lmroman10-regular]:mapping=tex-text;!
Missing character: There is no 用 (U+7528) in font [lmroman10-regular]:mapping=tex-text;!
Missing character: There is no 聚 (U+805A) in font [lmroman10-regular]:mapping=tex-text;!
Missing character: There is no 类 (U+7C7B) in font [lmroman10-regular]:mapping=tex-text;!
Missing character: There is no 算 (U+7B97) in font [lmroman10-regular]:mapping=tex-text;!
Missing character: There is no 法 (U+6CD5) in font [lmroman10-regular]:mapping=tex-text;!
Missing character: There is no 来 (U+6765) in font [lmroman10-regular]:mapping=tex-text;!
Missing character: There is no 对 (U+5BF9) in font [lmroman10-regular]:mapping=tex-text;!
Missing character: There is no 单 (U+5355) in font [lmroman10-regular]:mapping=tex-text;!
Missing character: There is no 词 (U+8BCD) in font [lmroman10-regular]:mapping=tex-text;!
Missing character: There is no 的 (U+7684) in font [lmroman10-regular]:mapping=tex-text;!
Missing character: There is no 难 (U+96BE) in font [lmroman10-regular]:mapping=tex-text;!
Missing character: There is no 度 (U+5EA6) in font [lmroman10-regular]:mapping=tex-text;!
Missing character: There is no 进 (U+8FDB) in font [lmroman10-regular]:mapping=tex-text;!
Missing character: There is no 行 (U+884C) in font [lmroman10-regular]:mapping=tex-text;!
Missing character: There is no 划 (U+5212) in font [lmroman10-regular]:mapping=tex-text;!
Missing character: There is no 分 (U+5206) in font [lmroman10-regular]:mapping=tex-text;!

Overfull \hbox (71.65105pt too wide) in paragraph at lines 40--45
\TU/lmr/m/n/10 由于每个人对于单词的熟悉程度存在差异,并且许多单词的属性对于Wordle游戏的难度影响是双向的,因此在衡量单词难度时 直接利用上文中所提到的单词诸多特性是无法完成的.根据我们的假设,在不同日期整个玩家群里的水平是相同的,那么某天单 词的难度就完全体现在当天的游戏结果中,即用户用不同轮数完成游戏的百分比.对于所给数据中的单词,我们用向量$\OML/cmm/m/it/10 R \OT1/cmr/m/n/10 =
 []

Missing character: There is no 算 (U+7B97) in font [lmroman10-regular]:mapping=tex-text;!
Missing character: There is no 法 (U+6CD5) in font [lmroman10-regular]:mapping=tex-text;!
Missing character: There is no 利 (U+5229) in font [lmroman10-regular]:mapping=tex-text;!
Missing character: There is no 用 (U+7528) in font [lmroman10-regular]:mapping=tex-text;!
Missing character: There is no 树 (U+6811) in font [lmroman10-regular]:mapping=tex-text;!
Missing character: There is no 结 (U+7ED3) in font [lmroman10-regular]:mapping=tex-text;!
Missing character: There is no 构 (U+6784) in font [lmroman10-regular]:mapping=tex-text;!
Missing character: There is no 进 (U+8FDB) in font [lmroman10-regular]:mapping=tex-text;!
Missing character: There is no 行 (U+884C) in font [lmroman10-regular]:mapping=tex-text;!
Missing character: There is no 快 (U+5FEB) in font [lmroman10-regular]:mapping=tex-text;!
Missing character: There is no 速 (U+901F) in font [lmroman10-regular]:mapping=tex-text;!
Missing character: There is no 聚 (U+805A) in font [lmroman10-regular]:mapping=tex-text;!
Missing character: There is no 类 (U+7C7B) in font [lmroman10-regular]:mapping=tex-text;!
Missing character: There is no 即 (U+5373) in font [lmroman10-regular]:mapping=tex-text;!
Missing character: There is no 在 (U+5728) in font [lmroman10-regular]:mapping=tex-text;!
Missing character: There is no 读 (U+8BFB) in font [lmroman10-regular]:mapping=tex-text;!
Missing character: There is no 入 (U+5165) in font [lmroman10-regular]:mapping=tex-text;!
Missing character: There is no 数 (U+6570) in font [lmroman10-regular]:mapping=tex-text;!
Missing character: There is no 据 (U+636E) in font [lmroman10-regular]:mapping=tex-text;!
Missing character: There is no 的 (U+7684) in font [lmroman10-regular]:mapping=tex-text;!
Missing character: There is no 同 (U+540C) in font [lmroman10-regular]:mapping=tex-text;!
Missing character: There is no 时 (U+65F6) in font [lmroman10-regular]:mapping=tex-text;!
Missing character: There is no 构 (U+6784) in font [lmroman10-regular]:mapping=tex-text;!
Missing character: There is no 建 (U+5EFA) in font [lmroman10-regular]:mapping=tex-text;!
Missing character: There is no 并 (U+5E76) in font [lmroman10-regular]:mapping=tex-text;!
Missing character: There is no 更 (U+66F4) in font [lmroman10-regular]:mapping=tex-text;!
Missing character: There is no 新 (U+65B0) in font [lmroman10-regular]:mapping=tex-text;!
Missing character: There is no 利 (U+5229) in font [lmroman10-regular]:mapping=tex-text;!
Missing character: There is no 用 (U+7528) in font [lmroman10-regular]:mapping=tex-text;!
Missing character: There is no 节 (U+8282) in font [lmroman10-regular]:mapping=tex-text;!
Missing character: There is no 点 (U+70B9) in font [lmroman10-regular]:mapping=tex-text;!
Missing character: There is no 对 (U+5BF9) in font [lmroman10-regular]:mapping=tex-text;!
Missing character: There is no 于 (U+4E8E) in font [lmroman10-regular]:mapping=tex-text;!
Missing character: There is no 数 (U+6570) in font [lmroman10-regular]:mapping=tex-text;!
Missing character: There is no 据 (U+636E) in font [lmroman10-regular]:mapping=tex-text;!
Missing character: There is no 进 (U+8FDB) in font [lmroman10-regular]:mapping=tex-text;!
Missing character: There is no 行 (U+884C) in font [lmroman10-regular]:mapping=tex-text;!
Missing character: There is no 划 (U+5212) in font [lmroman10-regular]:mapping=tex-text;!
Missing character: There is no 分 (U+5206) in font [lmroman10-regular]:mapping=tex-text;!
Missing character: There is no 首 (U+9996) in font [lmroman10-regular]:mapping=tex-text;!
Missing character: There is no 先 (U+5148) in font [lmroman10-regular]:mapping=tex-text;!
Missing character: There is no 我 (U+6211) in font [lmroman10-regular]:mapping=tex-text;!
Missing character: There is no 们 (U+4EEC) in font [lmroman10-regular]:mapping=tex-text;!
Missing character: There is no 定 (U+5B9A) in font [lmroman10-regular]:mapping=tex-text;!
Missing character: There is no 义 (U+4E49) in font [lmroman10-regular]:mapping=tex-text;!
Missing character: There is no 一 (U+4E00) in font [lmroman10-regular]:mapping=tex-text;!
Missing character: There is no 个 (U+4E2A) in font [lmroman10-regular]:mapping=tex-text;!
Missing character: There is no 簇 (U+7C07) in font [lmroman10-regular]:mapping=tex-text;!
Missing character: There is no 的 (U+7684) in font [lmroman10-regular]:mapping=tex-text;!
Missing character: There is no 其 (U+5176) in font [lmroman10-regular]:mapping=tex-text;!
Missing character: There is no 中 (U+4E2D) in font [lmroman10-regular]:mapping=tex-text;!
Missing character: There is no 表 (U+8868) in font [lmroman10-regular]:mapping=tex-text;!
Missing character: There is no 示 (U+793A) in font [lmroman10-regular]:mapping=tex-text;!
Missing character: There is no 簇 (U+7C07) in font [lmroman10-regular]:mapping=tex-text;!
Missing character: There is no 中 (U+4E2D) in font [lmroman10-regular]:mapping=tex-text;!
Missing character: There is no 点 (U+70B9) in font [lmroman10-regular]:mapping=tex-text;!
Missing character: There is no 的 (U+7684) in font [lmroman10-regular]:mapping=tex-text;!
Missing character: There is no 数 (U+6570) in font [lmroman10-regular]:mapping=tex-text;!
Missing character: There is no 量 (U+91CF) in font [lmroman10-regular]:mapping=tex-text;!
Missing character: There is no 是 (U+662F) in font [lmroman10-regular]:mapping=tex-text;!
Missing character: There is no 每 (U+6BCF) in font [lmroman10-regular]:mapping=tex-text;!
Missing character: There is no 个 (U+4E2A) in font [lmroman10-regular]:mapping=tex-text;!
Missing character: There is no 点 (U+70B9) in font [lmroman10-regular]:mapping=tex-text;!
Missing character: There is no 的 (U+7684) in font [lmroman10-regular]:mapping=tex-text;!
Missing character: There is no 线 (U+7EBF) in font [lmroman10-regular]:mapping=tex-text;!
Missing character: There is no 性 (U+6027) in font [lmroman10-regular]:mapping=tex-text;!
Missing character: There is no 求 (U+6C42) in font [lmroman10-regular]:mapping=tex-text;!
Missing character: There is no 和 (U+548C) in font [lmroman10-regular]:mapping=tex-text;!
Missing character: There is no 即 (U+5373) in font [lmroman10-regular]:mapping=tex-text;!
Missing character: There is no 设 (U+8BBE) in font [lmroman10-regular]:mapping=tex-text;!
Missing character: There is no 是 (U+662F) in font [lmroman10-regular]:mapping=tex-text;!
Missing character: There is no 一 (U+4E00) in font [lmroman10-regular]:mapping=tex-text;!
Missing character: There is no 个 (U+4E2A) in font [lmroman10-regular]:mapping=tex-text;!
Missing character: There is no 簇 (U+7C07) in font [lmroman10-regular]:mapping=tex-text;!
Missing character: There is no 中 (U+4E2D) in font [lmroman10-regular]:mapping=tex-text;!
Missing character: There is no 的 (U+7684) in font [lmroman10-regular]:mapping=tex-text;!
Missing character: There is no 全 (U+5168) in font [lmroman10-regular]:mapping=tex-text;!
Missing character: There is no 体 (U+4F53) in font [lmroman10-regular]:mapping=tex-text;!
Missing character: There is no 点 (U+70B9) in font [lmroman10-regular]:mapping=tex-text;!
Missing character: There is no 则 (U+5219) in font [lmroman10-regular]:mapping=tex-text;!
Missing character: There is no 有 (U+6709) in font [lmroman10-regular]:mapping=tex-text;!
Missing character: There is no ： (U+FF1A) in font [lmroman10-regular]:mapping=tex-text;!
Missing character: There is no 是 (U+662F) in font [lmroman10-regular]:mapping=tex-text;!
Missing character: There is no 每 (U+6BCF) in font [lmroman10-regular]:mapping=tex-text;!
Missing character: There is no 点 (U+70B9) in font [lmroman10-regular]:mapping=tex-text;!
Missing character: There is no 所 (U+6240) in font [lmroman10-regular]:mapping=tex-text;!
Missing character: There is no 包 (U+5305) in font [lmroman10-regular]:mapping=tex-text;!
Missing character: There is no 含 (U+542B) in font [lmroman10-regular]:mapping=tex-text;!
Missing character: There is no 数 (U+6570) in font [lmroman10-regular]:mapping=tex-text;!
Missing character: There is no 据 (U+636E) in font [lmroman10-regular]:mapping=tex-text;!
Missing character: There is no 的 (U+7684) in font [lmroman10-regular]:mapping=tex-text;!
Missing character: There is no 平 (U+5E73) in font [lmroman10-regular]:mapping=tex-text;!
Missing character: There is no 方 (U+65B9) in font [lmroman10-regular]:mapping=tex-text;!
Missing character: There is no 和 (U+548C) in font [lmroman10-regular]:mapping=tex-text;!
Missing character: There is no 即 (U+5373) in font [lmroman10-regular]:mapping=tex-text;!
Missing character: There is no 对 (U+5BF9) in font [lmroman10-regular]:mapping=tex-text;!
Missing character: There is no 于 (U+4E8E) in font [lmroman10-regular]:mapping=tex-text;!
Missing character: There is no 两 (U+4E24) in font [lmroman10-regular]:mapping=tex-text;!
Missing character: There is no 个 (U+4E2A) in font [lmroman10-regular]:mapping=tex-text;!
Missing character: There is no 不 (U+4E0D) in font [lmroman10-regular]:mapping=tex-text;!
Missing character: There is no 相 (U+76F8) in font [lmroman10-regular]:mapping=tex-text;!
Missing character: There is no 交 (U+4EA4) in font [lmroman10-regular]:mapping=tex-text;!
Missing character: There is no 的 (U+7684) in font [lmroman10-regular]:mapping=tex-text;!
Missing character: There is no 簇 (U+7C07) in font [lmroman10-regular]:mapping=tex-text;!
Missing character: There is no 其 (U+5176) in font [lmroman10-regular]:mapping=tex-text;!
Missing character: There is no 分 (U+5206) in font [lmroman10-regular]:mapping=tex-text;!
Missing character: There is no 别 (U+522B) in font [lmroman10-regular]:mapping=tex-text;!
Missing character: There is no 为 (U+4E3A) in font [lmroman10-regular]:mapping=tex-text;!
Missing character: There is no 如 (U+5982) in font [lmroman10-regular]:mapping=tex-text;!
Missing character: There is no 果 (U+679C) in font [lmroman10-regular]:mapping=tex-text;!
Missing character: There is no 将 (U+5C06) in font [lmroman10-regular]:mapping=tex-text;!
Missing character: There is no 这 (U+8FD9) in font [lmroman10-regular]:mapping=tex-text;!
Missing character: There is no 两 (U+4E24) in font [lmroman10-regular]:mapping=tex-text;!
Missing character: There is no 个 (U+4E2A) in font [lmroman10-regular]:mapping=tex-text;!
Missing character: There is no 簇 (U+7C07) in font [lmroman10-regular]:mapping=tex-text;!
Missing character: There is no 合 (U+5408) in font [lmroman10-regular]:mapping=tex-text;!
Missing character: There is no 并 (U+5E76) in font [lmroman10-regular]:mapping=tex-text;!
Missing character: There is no 则 (U+5219) in font [lmroman10-regular]:mapping=tex-text;!
Missing character: There is no 合 (U+5408) in font [lmroman10-regular]:mapping=tex-text;!
Missing character: There is no 并 (U+5E76) in font [lmroman10-regular]:mapping=tex-text;!
Missing character: There is no 之 (U+4E4B) in font [lmroman10-regular]:mapping=tex-text;!
Missing character: There is no 后 (U+540E) in font [lmroman10-regular]:mapping=tex-text;!
Missing character: There is no 的 (U+7684) in font [lmroman10-regular]:mapping=tex-text;!
Missing character: There is no 簇 (U+7C07) in font [lmroman10-regular]:mapping=tex-text;!
Missing character: There is no 的 (U+7684) in font [lmroman10-regular]:mapping=tex-text;!
Missing character: There is no 为 (U+4E3A) in font [lmroman10-regular]:mapping=tex-text;!
Missing character: There is no 有 (U+6709) in font [lmroman10-regular]:mapping=tex-text;!
Missing character: There is no 多 (U+591A) in font [lmroman10-regular]:mapping=tex-text;!
Missing character: There is no 种 (U+79CD) in font [lmroman10-regular]:mapping=tex-text;!
Missing character: There is no 度 (U+5EA6) in font [lmroman10-regular]:mapping=tex-text;!
Missing character: There is no 量 (U+91CF) in font [lmroman10-regular]:mapping=tex-text;!
Missing character: There is no 合 (U+5408) in font [lmroman10-regular]:mapping=tex-text;!
Missing character: There is no 理 (U+7406) in font [lmroman10-regular]:mapping=tex-text;!
Missing character: There is no 作 (U+4F5C) in font [lmroman10-regular]:mapping=tex-text;!
Missing character: There is no 为 (U+4E3A) in font [lmroman10-regular]:mapping=tex-text;!
Missing character: There is no 衡 (U+8861) in font [lmroman10-regular]:mapping=tex-text;!
Missing character: There is no 量 (U+91CF) in font [lmroman10-regular]:mapping=tex-text;!
Missing character: There is no 簇 (U+7C07) in font [lmroman10-regular]:mapping=tex-text;!
Missing character: There is no 之 (U+4E4B) in font [lmroman10-regular]:mapping=tex-text;!
Missing character: There is no 间 (U+95F4) in font [lmroman10-regular]:mapping=tex-text;!
Missing character: There is no 差 (U+5DEE) in font [lmroman10-regular]:mapping=tex-text;!
Missing character: There is no 异 (U+5F02) in font [lmroman10-regular]:mapping=tex-text;!
Missing character: There is no 的 (U+7684) in font [lmroman10-regular]:mapping=tex-text;!
Missing character: There is no 标 (U+6807) in font [lmroman10-regular]:mapping=tex-text;!
Missing character: There is no 准 (U+51C6) in font [lmroman10-regular]:mapping=tex-text;!
Missing character: There is no 这 (U+8FD9) in font [lmroman10-regular]:mapping=tex-text;!
Missing character: There is no 里 (U+91CC) in font [lmroman10-regular]:mapping=tex-text;!
Missing character: There is no 我 (U+6211) in font [lmroman10-regular]:mapping=tex-text;!
Missing character: There is no 们 (U+4EEC) in font [lmroman10-regular]:mapping=tex-text;!
Missing character: There is no 选 (U+9009) in font [lmroman10-regular]:mapping=tex-text;!
Missing character: There is no 用 (U+7528) in font [lmroman10-regular]:mapping=tex-text;!
Missing character: There is no 簇 (U+7C07) in font [lmroman10-regular]:mapping=tex-text;!
Missing character: There is no 联 (U+8054) in font [lmroman10-regular]:mapping=tex-text;!
Missing character: There is no 通 (U+901A) in font [lmroman10-regular]:mapping=tex-text;!
Missing character: There is no 平 (U+5E73) in font [lmroman10-regular]:mapping=tex-text;!
Missing character: There is no 均 (U+5747) in font [lmroman10-regular]:mapping=tex-text;!
Missing character: There is no 距 (U+8DDD) in font [lmroman10-regular]:mapping=tex-text;!
Missing character: There is no 离 (U+79BB) in font [lmroman10-regular]:mapping=tex-text;!
Missing character: There is no 有 (U+6709) in font [lmroman10-regular]:mapping=tex-text;!
Missing character: There is no 对 (U+5BF9) in font [lmroman10-regular]:mapping=tex-text;!
Missing character: There is no 于 (U+4E8E) in font [lmroman10-regular]:mapping=tex-text;!
Missing character: There is no 一 (U+4E00) in font [lmroman10-regular]:mapping=tex-text;!
Missing character: There is no 个 (U+4E2A) in font [lmroman10-regular]:mapping=tex-text;!
Missing character: There is no 簇 (U+7C07) in font [lmroman10-regular]:mapping=tex-text;!
Missing character: There is no 其 (U+5176) in font [lmroman10-regular]:mapping=tex-text;!
Missing character: There is no 直 (U+76F4) in font [lmroman10-regular]:mapping=tex-text;!
Missing character: There is no 径 (U+5F84) in font [lmroman10-regular]:mapping=tex-text;!
Missing character: There is no 定 (U+5B9A) in font [lmroman10-regular]:mapping=tex-text;!
Missing character: There is no 义 (U+4E49) in font [lmroman10-regular]:mapping=tex-text;!
Missing character: There is no 为 (U+4E3A) in font [lmroman10-regular]:mapping=tex-text;!
Missing character: There is no ： (U+FF1A) in font [lmroman10-regular]:mapping=tex-text;!
Missing character: There is no 和 (U+548C) in font [lmroman10-regular]:mapping=tex-text;!
Missing character: There is no 一 (U+4E00) in font [lmroman10-regular]:mapping=tex-text;!
Missing character: There is no 般 (U+822C) in font [lmroman10-regular]:mapping=tex-text;!
Missing character: There is no 的 (U+7684) in font [lmroman10-regular]:mapping=tex-text;!
Missing character: There is no 树 (U+6811) in font [lmroman10-regular]:mapping=tex-text;!
Missing character: There is no 形 (U+5F62) in font [lmroman10-regular]:mapping=tex-text;!
Missing character: There is no 结 (U+7ED3) in font [lmroman10-regular]:mapping=tex-text;!
Missing character: There is no 构 (U+6784) in font [lmroman10-regular]:mapping=tex-text;!
Missing character: There is no 类 (U+7C7B) in font [lmroman10-regular]:mapping=tex-text;!
Missing character: There is no 似 (U+4F3C) in font [lmroman10-regular]:mapping=tex-text;!
Missing character: There is no 由 (U+7531) in font [lmroman10-regular]:mapping=tex-text;!
Missing character: There is no 根 (U+6839) in font [lmroman10-regular]:mapping=tex-text;!
Missing character: There is no 节 (U+8282) in font [lmroman10-regular]:mapping=tex-text;!
Missing character: There is no 点 (U+70B9) in font [lmroman10-regular]:mapping=tex-text;!
Missing character: There is no 叶 (U+53F6) in font [lmroman10-regular]:mapping=tex-text;!
Missing character: There is no 节 (U+8282) in font [lmroman10-regular]:mapping=tex-text;!
Missing character: There is no 点 (U+70B9) in font [lmroman10-regular]:mapping=tex-text;!
Missing character: There is no 枝 (U+679D) in font [lmroman10-regular]:mapping=tex-text;!
Missing character: There is no 节 (U+8282) in font [lmroman10-regular]:mapping=tex-text;!
Missing character: There is no 点 (U+70B9) in font [lmroman10-regular]:mapping=tex-text;!
Missing character: There is no 组 (U+7EC4) in font [lmroman10-regular]:mapping=tex-text;!
Missing character: There is no 成 (U+6210) in font [lmroman10-regular]:mapping=tex-text;!
Missing character: There is no 。 (U+3002) in font [lmroman10-regular]:mapping=tex-text;!
Missing character: There is no 在 (U+5728) in font [lmroman10-regular]:mapping=tex-text;!
Missing character: There is no 构 (U+6784) in font [lmroman10-regular]:mapping=tex-text;!
Missing character: There is no 造 (U+9020) in font [lmroman10-regular]:mapping=tex-text;!
Missing character: There is no 之 (U+4E4B) in font [lmroman10-regular]:mapping=tex-text;!
Missing character: There is no 前 (U+524D) in font [lmroman10-regular]:mapping=tex-text;!
Missing character: There is no 我 (U+6211) in font [lmroman10-regular]:mapping=tex-text;!
Missing character: There is no 们 (U+4EEC) in font [lmroman10-regular]:mapping=tex-text;!
Missing character: There is no 给 (U+7ED9) in font [lmroman10-regular]:mapping=tex-text;!
Missing character: There is no 出 (U+51FA) in font [lmroman10-regular]:mapping=tex-text;!
Missing character: There is no 以 (U+4EE5) in font [lmroman10-regular]:mapping=tex-text;!
Missing character: There is no 下 (U+4E0B) in font [lmroman10-regular]:mapping=tex-text;!
Missing character: There is no 参 (U+53C2) in font [lmroman10-regular]:mapping=tex-text;!
Missing character: There is no 数 (U+6570) in font [lmroman10-regular]:mapping=tex-text;!
Missing character: There is no 枝 (U+679D) in font [lmroman10-regular]:mapping=tex-text;!
Missing character: There is no 平 (U+5E73) in font [lmroman10-regular]:mapping=tex-text;!
Missing character: There is no 衡 (U+8861) in font [lmroman10-regular]:mapping=tex-text;!
Missing character: There is no 因 (U+56E0) in font [lmroman10-regular]:mapping=tex-text;!
Missing character: There is no 子 (U+5B50) in font [lmroman10-regular]:mapping=tex-text;!
Missing character: There is no 表 (U+8868) in font [lmroman10-regular]:mapping=tex-text;!
Missing character: There is no 示 (U+793A) in font [lmroman10-regular]:mapping=tex-text;!
Missing character: There is no 枝 (U+679D) in font [lmroman10-regular]:mapping=tex-text;!
Missing character: There is no 节 (U+8282) in font [lmroman10-regular]:mapping=tex-text;!
Missing character: There is no 点 (U+70B9) in font [lmroman10-regular]:mapping=tex-text;!
Missing character: There is no 包 (U+5305) in font [lmroman10-regular]:mapping=tex-text;!
Missing character: There is no 含 (U+542B) in font [lmroman10-regular]:mapping=tex-text;!
Missing character: There is no 的 (U+7684) in font [lmroman10-regular]:mapping=tex-text;!
Missing character: There is no 最 (U+6700) in font [lmroman10-regular]:mapping=tex-text;!
Missing character: There is no 大 (U+5927) in font [lmroman10-regular]:mapping=tex-text;!
Missing character: There is no 元 (U+5143) in font [lmroman10-regular]:mapping=tex-text;!
Missing character: There is no 素 (U+7D20) in font [lmroman10-regular]:mapping=tex-text;!
Missing character: There is no 数 (U+6570) in font [lmroman10-regular]:mapping=tex-text;!
Missing character: There is no 量 (U+91CF) in font [lmroman10-regular]:mapping=tex-text;!
Missing character: There is no ； (U+FF1B) in font [lmroman10-regular]:mapping=tex-text;!
Missing character: There is no 叶 (U+53F6) in font [lmroman10-regular]:mapping=tex-text;!
Missing character: There is no 平 (U+5E73) in font [lmroman10-regular]:mapping=tex-text;!
Missing character: There is no 衡 (U+8861) in font [lmroman10-regular]:mapping=tex-text;!
Missing character: There is no 因 (U+56E0) in font [lmroman10-regular]:mapping=tex-text;!
Missing character: There is no 子 (U+5B50) in font [lmroman10-regular]:mapping=tex-text;!
Missing character: There is no 表 (U+8868) in font [lmroman10-regular]:mapping=tex-text;!
Missing character: There is no 示 (U+793A) in font [lmroman10-regular]:mapping=tex-text;!
Missing character: There is no 叶 (U+53F6) in font [lmroman10-regular]:mapping=tex-text;!
Missing character: There is no 子 (U+5B50) in font [lmroman10-regular]:mapping=tex-text;!
Missing character: There is no 节 (U+8282) in font [lmroman10-regular]:mapping=tex-text;!
Missing character: There is no 点 (U+70B9) in font [lmroman10-regular]:mapping=tex-text;!
Missing character: There is no 允 (U+5141) in font [lmroman10-regular]:mapping=tex-text;!
Missing character: There is no 许 (U+8BB8) in font [lmroman10-regular]:mapping=tex-text;!
Missing character: There is no 包 (U+5305) in font [lmroman10-regular]:mapping=tex-text;!
Missing character: There is no 含 (U+542B) in font [lmroman10-regular]:mapping=tex-text;!
Missing character: There is no 的 (U+7684) in font [lmroman10-regular]:mapping=tex-text;!
Missing character: There is no 最 (U+6700) in font [lmroman10-regular]:mapping=tex-text;!
Missing character: There is no 大 (U+5927) in font [lmroman10-regular]:mapping=tex-text;!
Missing character: There is no 数 (U+6570) in font [lmroman10-regular]:mapping=tex-text;!
Missing character: There is no 空 (U+7A7A) in font [lmroman10-regular]:mapping=tex-text;!
Missing character: There is no 间 (U+95F4) in font [lmroman10-regular]:mapping=tex-text;!
Missing character: There is no 阈 (U+9608) in font [lmroman10-regular]:mapping=tex-text;!
Missing character: There is no 值 (U+503C) in font [lmroman10-regular]:mapping=tex-text;!
Missing character: There is no 表 (U+8868) in font [lmroman10-regular]:mapping=tex-text;!
Missing character: There is no 示 (U+793A) in font [lmroman10-regular]:mapping=tex-text;!
Missing character: There is no 叶 (U+53F6) in font [lmroman10-regular]:mapping=tex-text;!
Missing character: There is no 子 (U+5B50) in font [lmroman10-regular]:mapping=tex-text;!
Missing character: There is no 节 (U+8282) in font [lmroman10-regular]:mapping=tex-text;!
Missing character: There is no 点 (U+70B9) in font [lmroman10-regular]:mapping=tex-text;!
Missing character: There is no 每 (U+6BCF) in font [lmroman10-regular]:mapping=tex-text;!
Missing character: There is no 个 (U+4E2A) in font [lmroman10-regular]:mapping=tex-text;!
Missing character: There is no 的 (U+7684) in font [lmroman10-regular]:mapping=tex-text;!
Missing character: There is no 最 (U+6700) in font [lmroman10-regular]:mapping=tex-text;!
Missing character: There is no 大 (U+5927) in font [lmroman10-regular]:mapping=tex-text;!
Missing character: There is no 直 (U+76F4) in font [lmroman10-regular]:mapping=tex-text;!
Missing character: There is no 径 (U+5F84) in font [lmroman10-regular]:mapping=tex-text;!
Missing character: There is no 构 (U+6784) in font [lmroman10-regular]:mapping=tex-text;!
Missing character: There is no 造 (U+9020) in font [lmroman10-regular]:mapping=tex-text;!
Missing character: There is no 并 (U+5E76) in font [lmroman10-regular]:mapping=tex-text;!
Missing character: There is no 聚 (U+805A) in font [lmroman10-regular]:mapping=tex-text;!
Missing character: There is no 类 (U+7C7B) in font [lmroman10-regular]:mapping=tex-text;!
Missing character: There is no 的 (U+7684) in font [lmroman10-regular]:mapping=tex-text;!
Missing character: There is no 过 (U+8FC7) in font [lmroman10-regular]:mapping=tex-text;!
Missing character: There is no 程 (U+7A0B) in font [lmroman10-regular]:mapping=tex-text;!
Missing character: There is no 如 (U+5982) in font [lmroman10-regular]:mapping=tex-text;!
Missing character: There is no 下 (U+4E0B) in font [lmroman10-regular]:mapping=tex-text;!
Missing character: There is no 在 (U+5728) in font [lmroman10-regular]:mapping=tex-text;!
Missing character: There is no 没 (U+6CA1) in font [lmroman10-regular]:mapping=tex-text;!
Missing character: There is no 有 (U+6709) in font [lmroman10-regular]:mapping=tex-text;!
Missing character: There is no 添 (U+6DFB) in font [lmroman10-regular]:mapping=tex-text;!
Missing character: There is no 加 (U+52A0) in font [lmroman10-regular]:mapping=tex-text;!
Missing character: There is no 样 (U+6837) in font [lmroman10-regular]:mapping=tex-text;!
Missing character: There is no 本 (U+672C) in font [lmroman10-regular]:mapping=tex-text;!
Missing character: There is no 之 (U+4E4B) in font [lmroman10-regular]:mapping=tex-text;!
Missing character: There is no 前 (U+524D) in font [lmroman10-regular]:mapping=tex-text;!
Missing character: There is no 是 (U+662F) in font [lmroman10-regular]:mapping=tex-text;!
Missing character: There is no 空 (U+7A7A) in font [lmroman10-regular]:mapping=tex-text;!
Missing character: There is no 的 (U+7684) in font [lmroman10-regular]:mapping=tex-text;!
Missing character: There is no 读 (U+8BFB) in font [lmroman10-regular]:mapping=tex-text;!
Missing character: There is no 入 (U+5165) in font [lmroman10-regular]:mapping=tex-text;!
Missing character: There is no 第 (U+7B2C) in font [lmroman10-regular]:mapping=tex-text;!
Missing character: There is no 一 (U+4E00) in font [lmroman10-regular]:mapping=tex-text;!
Missing character: There is no 个 (U+4E2A) in font [lmroman10-regular]:mapping=tex-text;!
Missing character: There is no 单 (U+5355) in font [lmroman10-regular]:mapping=tex-text;!
Missing character: There is no 词 (U+8BCD) in font [lmroman10-regular]:mapping=tex-text;!
Missing character: There is no 后 (U+540E) in font [lmroman10-regular]:mapping=tex-text;!
Missing character: There is no 构 (U+6784) in font [lmroman10-regular]:mapping=tex-text;!
Missing character: There is no 造 (U+9020) in font [lmroman10-regular]:mapping=tex-text;!
Missing character: There is no 一 (U+4E00) in font [lmroman10-regular]:mapping=tex-text;!
Missing character: There is no 个 (U+4E2A) in font [lmroman10-regular]:mapping=tex-text;!
Missing character: There is no 叶 (U+53F6) in font [lmroman10-regular]:mapping=tex-text;!
Missing character: There is no 子 (U+5B50) in font [lmroman10-regular]:mapping=tex-text;!
Missing character: There is no 节 (U+8282) in font [lmroman10-regular]:mapping=tex-text;!
Missing character: There is no 点 (U+70B9) in font [lmroman10-regular]:mapping=tex-text;!
Missing character: There is no 和 (U+548C) in font [lmroman10-regular]:mapping=tex-text;!
Missing character: There is no 一 (U+4E00) in font [lmroman10-regular]:mapping=tex-text;!
Missing character: There is no 个 (U+4E2A) in font [lmroman10-regular]:mapping=tex-text;!
Missing character: There is no 子 (U+5B50) in font [lmroman10-regular]:mapping=tex-text;!
Missing character: There is no 簇 (U+7C07) in font [lmroman10-regular]:mapping=tex-text;!
Missing character: There is no 读 (U+8BFB) in font [lmroman10-regular]:mapping=tex-text;!
Missing character: There is no 入 (U+5165) in font [lmroman10-regular]:mapping=tex-text;!
Missing character: There is no 第 (U+7B2C) in font [lmroman10-regular]:mapping=tex-text;!
Missing character: There is no 二 (U+4E8C) in font [lmroman10-regular]:mapping=tex-text;!
Missing character: There is no 个 (U+4E2A) in font [lmroman10-regular]:mapping=tex-text;!
Missing character: There is no 单 (U+5355) in font [lmroman10-regular]:mapping=tex-text;!
Missing character: There is no 词 (U+8BCD) in font [lmroman10-regular]:mapping=tex-text;!
Missing character: There is no 判 (U+5224) in font [lmroman10-regular]:mapping=tex-text;!
Missing character: There is no 断 (U+65AD) in font [lmroman10-regular]:mapping=tex-text;!
Missing character: There is no 与 (U+4E0E) in font [lmroman10-regular]:mapping=tex-text;!
Missing character: There is no 是 (U+662F) in font [lmroman10-regular]:mapping=tex-text;!
Missing character: There is no 否 (U+5426) in font [lmroman10-regular]:mapping=tex-text;!
Missing character: There is no 在 (U+5728) in font [lmroman10-regular]:mapping=tex-text;!
Missing character: There is no 一 (U+4E00) in font [lmroman10-regular]:mapping=tex-text;!
Missing character: There is no 个 (U+4E2A) in font [lmroman10-regular]:mapping=tex-text;!
Missing character: There is no 直 (U+76F4) in font [lmroman10-regular]:mapping=tex-text;!
Missing character: There is no 径 (U+5F84) in font [lmroman10-regular]:mapping=tex-text;!
Missing character: There is no 为 (U+4E3A) in font [lmroman10-regular]:mapping=tex-text;!
Missing character: There is no 的 (U+7684) in font [lmroman10-regular]:mapping=tex-text;!
Missing character: There is no 超 (U+8D85) in font [lmroman10-regular]:mapping=tex-text;!
Missing character: There is no 球 (U+7403) in font [lmroman10-regular]:mapping=tex-text;!
Missing character: There is no 体 (U+4F53) in font [lmroman10-regular]:mapping=tex-text;!
Missing character: There is no 内 (U+5185) in font [lmroman10-regular]:mapping=tex-text;!
Missing character: There is no 若 (U+82E5) in font [lmroman10-regular]:mapping=tex-text;!
Missing character: There is no 在 (U+5728) in font [lmroman10-regular]:mapping=tex-text;!
Missing character: There is no 则 (U+5219) in font [lmroman10-regular]:mapping=tex-text;!
Missing character: There is no 属 (U+5C5E) in font [lmroman10-regular]:mapping=tex-text;!
Missing character: There is no 于 (U+4E8E) in font [lmroman10-regular]:mapping=tex-text;!
Missing character: There is no 同 (U+540C) in font [lmroman10-regular]:mapping=tex-text;!
Missing character: There is no 一 (U+4E00) in font [lmroman10-regular]:mapping=tex-text;!
Missing character: There is no 个 (U+4E2A) in font [lmroman10-regular]:mapping=tex-text;!
Missing character: There is no 根 (U+6839) in font [lmroman10-regular]:mapping=tex-text;!
Missing character: There is no 据 (U+636E) in font [lmroman10-regular]:mapping=tex-text;!
Missing character: There is no 的 (U+7684) in font [lmroman10-regular]:mapping=tex-text;!
Missing character: There is no 数 (U+6570) in font [lmroman10-regular]:mapping=tex-text;!
Missing character: There is no 据 (U+636E) in font [lmroman10-regular]:mapping=tex-text;!
Missing character: There is no 和 (U+548C) in font [lmroman10-regular]:mapping=tex-text;!
Missing character: There is no 的 (U+7684) in font [lmroman10-regular]:mapping=tex-text;!
Missing character: There is no 可 (U+53EF) in font [lmroman10-regular]:mapping=tex-text;!
Missing character: There is no 加 (U+52A0) in font [lmroman10-regular]:mapping=tex-text;!
Missing character: There is no 性 (U+6027) in font [lmroman10-regular]:mapping=tex-text;!
Missing character: There is no 更 (U+66F4) in font [lmroman10-regular]:mapping=tex-text;!
Missing character: There is no 新 (U+65B0) in font [lmroman10-regular]:mapping=tex-text;!
Missing character: There is no 若 (U+82E5) in font [lmroman10-regular]:mapping=tex-text;!
Missing character: There is no 不 (U+4E0D) in font [lmroman10-regular]:mapping=tex-text;!
Missing character: There is no 在 (U+5728) in font [lmroman10-regular]:mapping=tex-text;!
Missing character: There is no 则 (U+5219) in font [lmroman10-regular]:mapping=tex-text;!
Missing character: There is no 建 (U+5EFA) in font [lmroman10-regular]:mapping=tex-text;!
Missing character: There is no 立 (U+7ACB) in font [lmroman10-regular]:mapping=tex-text;!
Missing character: There is no 一 (U+4E00) in font [lmroman10-regular]:mapping=tex-text;!
Missing character: There is no 个 (U+4E2A) in font [lmroman10-regular]:mapping=tex-text;!
Missing character: There is no 新 (U+65B0) in font [lmroman10-regular]:mapping=tex-text;!
Missing character: There is no 的 (U+7684) in font [lmroman10-regular]:mapping=tex-text;!
Missing character: There is no 分 (U+5206) in font [lmroman10-regular]:mapping=tex-text;!
Missing character: There is no 支 (U+652F) in font [lmroman10-regular]:mapping=tex-text;!
Missing character: There is no 依 (U+4F9D) in font [lmroman10-regular]:mapping=tex-text;!
Missing character: There is no 次 (U+6B21) in font [lmroman10-regular]:mapping=tex-text;!
Missing character: There is no 类 (U+7C7B) in font [lmroman10-regular]:mapping=tex-text;!
Missing character: There is no 推 (U+63A8) in font [lmroman10-regular]:mapping=tex-text;!
Missing character: There is no 直 (U+76F4) in font [lmroman10-regular]:mapping=tex-text;!
Missing character: There is no 至 (U+81F3) in font [lmroman10-regular]:mapping=tex-text;!
Missing character: There is no 分 (U+5206) in font [lmroman10-regular]:mapping=tex-text;!
Missing character: There is no 支 (U+652F) in font [lmroman10-regular]:mapping=tex-text;!
Missing character: There is no 数 (U+6570) in font [lmroman10-regular]:mapping=tex-text;!
Missing character: There is no 量 (U+91CF) in font [lmroman10-regular]:mapping=tex-text;!
Missing character: There is no 达 (U+8FBE) in font [lmroman10-regular]:mapping=tex-text;!
Missing character: There is no 到 (U+5230) in font [lmroman10-regular]:mapping=tex-text;!
Missing character: There is no 此 (U+6B64) in font [lmroman10-regular]:mapping=tex-text;!
Missing character: There is no 时 (U+65F6) in font [lmroman10-regular]:mapping=tex-text;!
Missing character: There is no 若 (U+82E5) in font [lmroman10-regular]:mapping=tex-text;!
Missing character: There is no 新 (U+65B0) in font [lmroman10-regular]:mapping=tex-text;!
Missing character: There is no 的 (U+7684) in font [lmroman10-regular]:mapping=tex-text;!
Missing character: There is no 单 (U+5355) in font [lmroman10-regular]:mapping=tex-text;!
Missing character: There is no 词 (U+8BCD) in font [lmroman10-regular]:mapping=tex-text;!
Missing character: There is no 不 (U+4E0D) in font [lmroman10-regular]:mapping=tex-text;!
Missing character: There is no 属 (U+5C5E) in font [lmroman10-regular]:mapping=tex-text;!
Missing character: There is no 于 (U+4E8E) in font [lmroman10-regular]:mapping=tex-text;!
Missing character: There is no 任 (U+4EFB) in font [lmroman10-regular]:mapping=tex-text;!
Missing character: There is no 何 (U+4F55) in font [lmroman10-regular]:mapping=tex-text;!
Missing character: There is no 一 (U+4E00) in font [lmroman10-regular]:mapping=tex-text;!
Missing character: There is no 个 (U+4E2A) in font [lmroman10-regular]:mapping=tex-text;!
Missing character: There is no 已 (U+5DF2) in font [lmroman10-regular]:mapping=tex-text;!
Missing character: There is no 经 (U+7ECF) in font [lmroman10-regular]:mapping=tex-text;!
Missing character: There is no 建 (U+5EFA) in font [lmroman10-regular]:mapping=tex-text;!
Missing character: There is no 立 (U+7ACB) in font [lmroman10-regular]:mapping=tex-text;!
Missing character: There is no 的 (U+7684) in font [lmroman10-regular]:mapping=tex-text;!
Missing character: There is no 节 (U+8282) in font [lmroman10-regular]:mapping=tex-text;!
Missing character: There is no 点 (U+70B9) in font [lmroman10-regular]:mapping=tex-text;!
Missing character: There is no 则 (U+5219) in font [lmroman10-regular]:mapping=tex-text;!
Missing character: There is no 选 (U+9009) in font [lmroman10-regular]:mapping=tex-text;!
Missing character: There is no 取 (U+53D6) in font [lmroman10-regular]:mapping=tex-text;!
Missing character: There is no 与 (U+4E0E) in font [lmroman10-regular]:mapping=tex-text;!
Missing character: There is no 其 (U+5176) in font [lmroman10-regular]:mapping=tex-text;!
Missing character: There is no 距 (U+8DDD) in font [lmroman10-regular]:mapping=tex-text;!
Missing character: There is no 离 (U+79BB) in font [lmroman10-regular]:mapping=tex-text;!
Missing character: There is no 最 (U+6700) in font [lmroman10-regular]:mapping=tex-text;!
Missing character: There is no 近 (U+8FD1) in font [lmroman10-regular]:mapping=tex-text;!
Missing character: There is no 的 (U+7684) in font [lmroman10-regular]:mapping=tex-text;!
Missing character: There is no 所 (U+6240) in font [lmroman10-regular]:mapping=tex-text;!
Missing character: There is no 在 (U+5728) in font [lmroman10-regular]:mapping=tex-text;!
Missing character: There is no 的 (U+7684) in font [lmroman10-regular]:mapping=tex-text;!
Missing character: There is no 节 (U+8282) in font [lmroman10-regular]:mapping=tex-text;!
Missing character: There is no 点 (U+70B9) in font [lmroman10-regular]:mapping=tex-text;!
Missing character: There is no 由 (U+7531) in font [lmroman10-regular]:mapping=tex-text;!
Missing character: There is no 其 (U+5176) in font [lmroman10-regular]:mapping=tex-text;!
Missing character: There is no 再 (U+518D) in font [lmroman10-regular]:mapping=tex-text;!
Missing character: There is no 衍 (U+884D) in font [lmroman10-regular]:mapping=tex-text;!
Missing character: There is no 生 (U+751F) in font [lmroman10-regular]:mapping=tex-text;!
Missing character: There is no 出 (U+51FA) in font [lmroman10-regular]:mapping=tex-text;!
Missing character: There is no 两 (U+4E24) in font [lmroman10-regular]:mapping=tex-text;!
Missing character: There is no 个 (U+4E2A) in font [lmroman10-regular]:mapping=tex-text;!
Missing character: There is no 子 (U+5B50) in font [lmroman10-regular]:mapping=tex-text;!
Missing character: There is no 节 (U+8282) in font [lmroman10-regular]:mapping=tex-text;!
Missing character: There is no 点 (U+70B9) in font [lmroman10-regular]:mapping=tex-text;!
Missing character: There is no 这 (U+8FD9) in font [lmroman10-regular]:mapping=tex-text;!
Missing character: There is no 一 (U+4E00) in font [lmroman10-regular]:mapping=tex-text;!
Missing character: There is no 级 (U+7EA7) in font [lmroman10-regular]:mapping=tex-text;!
Missing character: There is no 别 (U+522B) in font [lmroman10-regular]:mapping=tex-text;!
Missing character: There is no 的 (U+7684) in font [lmroman10-regular]:mapping=tex-text;!
Missing character: There is no 子 (U+5B50) in font [lmroman10-regular]:mapping=tex-text;!
Missing character: There is no 节 (U+8282) in font [lmroman10-regular]:mapping=tex-text;!
Missing character: There is no 点 (U+70B9) in font [lmroman10-regular]:mapping=tex-text;!
Missing character: There is no 的 (U+7684) in font [lmroman10-regular]:mapping=tex-text;!
Missing character: There is no 数 (U+6570) in font [lmroman10-regular]:mapping=tex-text;!
Missing character: There is no 量 (U+91CF) in font [lmroman10-regular]:mapping=tex-text;!
Missing character: There is no 收 (U+6536) in font [lmroman10-regular]:mapping=tex-text;!
Missing character: There is no 约 (U+7EA6) in font [lmroman10-regular]:mapping=tex-text;!
Missing character: There is no 束 (U+675F) in font [lmroman10-regular]:mapping=tex-text;!
Missing character: There is no 由 (U+7531) in font [lmroman10-regular]:mapping=tex-text;!
Missing character: There is no 此 (U+6B64) in font [lmroman10-regular]:mapping=tex-text;!
Missing character: There is no 不 (U+4E0D) in font [lmroman10-regular]:mapping=tex-text;!
Missing character: There is no 断 (U+65AD) in font [lmroman10-regular]:mapping=tex-text;!
Missing character: There is no 添 (U+6DFB) in font [lmroman10-regular]:mapping=tex-text;!
Missing character: There is no 加 (U+52A0) in font [lmroman10-regular]:mapping=tex-text;!
Missing character: There is no 样 (U+6837) in font [lmroman10-regular]:mapping=tex-text;!
Missing character: There is no 本 (U+672C) in font [lmroman10-regular]:mapping=tex-text;!
Missing character: There is no 我 (U+6211) in font [lmroman10-regular]:mapping=tex-text;!
Missing character: There is no 们 (U+4EEC) in font [lmroman10-regular]:mapping=tex-text;!
Missing character: There is no 就 (U+5C31) in font [lmroman10-regular]:mapping=tex-text;!
Missing character: There is no 能 (U+80FD) in font [lmroman10-regular]:mapping=tex-text;!
Missing character: There is no 在 (U+5728) in font [lmroman10-regular]:mapping=tex-text;!
Missing character: There is no 建 (U+5EFA) in font [lmroman10-regular]:mapping=tex-text;!
Missing character: There is no 立 (U+7ACB) in font [lmroman10-regular]:mapping=tex-text;!
Missing character: There is no 的 (U+7684) in font [lmroman10-regular]:mapping=tex-text;!
Missing character: There is no 同 (U+540C) in font [lmroman10-regular]:mapping=tex-text;!
Missing character: There is no 时 (U+65F6) in font [lmroman10-regular]:mapping=tex-text;!
Missing character: There is no 实 (U+5B9E) in font [lmroman10-regular]:mapping=tex-text;!
Missing character: There is no 现 (U+73B0) in font [lmroman10-regular]:mapping=tex-text;!
Missing character: There is no 依 (U+4F9D) in font [lmroman10-regular]:mapping=tex-text;!
Missing character: There is no 照 (U+7167) in font [lmroman10-regular]:mapping=tex-text;!
Missing character: There is no 难 (U+96BE) in font [lmroman10-regular]:mapping=tex-text;!
Missing character: There is no 度 (U+5EA6) in font [lmroman10-regular]:mapping=tex-text;!
Missing character: There is no 的 (U+7684) in font [lmroman10-regular]:mapping=tex-text;!
Missing character: There is no 分 (U+5206) in font [lmroman10-regular]:mapping=tex-text;!
Missing character: There is no 类 (U+7C7B) in font [lmroman10-regular]:mapping=tex-text;!

Overfull \hbox (61.45645pt too wide) in paragraph at lines 75--79
[]\TU/lmr/m/n/10 构造CF-tree并聚类的过程如下.在没有添加样本之前CF-tree是空的.读入第一个单词$\OML/cmm/m/it/10 R[]$\TU/lmr/m/n/10 后构造一个叶子节点和一个子簇.读入第二个单词$\OML/cmm/m/it/10 R[]$\TU/lmr/m/n/10 , 判断$\OML/cmm/m/it/10 R[]$\TU/lmr/m/n/10 与$\OML/cmm/m/it/10 R[]$\TU/lmr/m/n/10 是否在一个直径为$\OML/cmm/m/it/10 c\OT1/cmr/m/n/10 3$\TU/lmr/m/n/10 的超球体内.若在,则$\OML/cmm/m/it/10 R[]; R[]$\TU/lmr/m/n/10 属于同一个CF,根据$\OML/cmm/m/it/10 R[]$\TU/lmr/m/n/10 的数据和$\OML/cmm/m/it/10 CF$\TU/lmr/m/n/10 的可加性更新$\OML/cmm/m/it/10 CF$\TU/lmr/m/n/10 .
 []


c:/Users/梁玮同/Desktop/梁玮同/专业训练/结果/专业训练学习报告.tex:80: LaTeX Error: \begin{document} ended by \end{proof}.

See the LaTeX manual or LaTeX Companion for explanation.
Type  H <return>  for immediate help.
 ...                                              
                                                  
l.80 \end{proof}
                
Your command was ignored.
Type  I <command> <return>  to replace it with another command,
or  <return>  to continue without it.

c:/Users/梁玮同/Desktop/梁玮同/专业训练/结果/专业训练学习报告.tex:80: Extra \endgroup.
<recently read> \endgroup 
                          
l.80 \end{proof}
                
Things are pretty mixed up, but I think the worst is over.

[1

] (./专业训练学习报告.aux) ) 
Here is how much of TeX's memory you used:
 24479 strings out of 476919
 614650 string characters out of 5825423
 1181993 words of memory out of 5000000
 44086 multiletter control sequences out of 15000+600000
 409814 words of font info for 58 fonts, out of 8000000 for 9000
 1348 hyphenation exceptions out of 8191
 113i,14n,116p,754b,479s stack positions out of 5000i,500n,10000p,200000b,80000s

Output written on 专业训练学习报告.pdf (1 page).
